Problem:    HRJL_20
Rows:       256
Columns:    135 (117 integer, 36 binary)
Non-zeros:  694
Status:     INTEGER NON-OPTIMAL
Objective:  FO = 3343216750 (MAXimum)

   No.   Row name        Activity     Lower bound   Upper bound
------ ------------    ------------- ------------- -------------
     1 FO                3.34322e+09                             
     2 r0                          0            -0             = 
     3 r1                          0            -0             = 
     4 r2                          0            -0             = 
     5 r3                          0            -0             = 
     6 r4                          0            -0             = 
     7 r5                          0            -0             = 
     8 r6                          0            -0             = 
     9 r7                          0            -0             = 
    10 r8                          0            -0             = 
    11 r9                          0            -0             = 
    12 r10                         0            -0             = 
    13 r11                         0            -0             = 
    14 res1                     4200          4200             = 
    15 res2                       80            80             = 
    16 res3                        0            -0             = 
    17 res4[1]                     0            -0               
    18 res4[2]                     0            -0               
    19 res4[3]                   0.1            -0               
    20 res4[4]                   0.2            -0               
    21 res4[5]                   0.9            -0               
    22 res4[6]                   0.3            -0               
    23 res444[1]                   0                      0.9999 
    24 res444[2]                   0                      0.9999 
    25 res444[3]                 0.1                      0.9999 
    26 res444[4]                 0.2                      0.9999 
    27 res444[5]                 0.9                      0.9999 
    28 res444[6]                 0.3                      0.9999 
    29 res5[1]                 84300         84300             = 
    30 res5[2]                 84193         84193             = 
    31 res5[3]                 83977         83977             = 
    32 res5[4]                 82039         82039             = 
    33 res5[5]                 81524         81524             = 
    34 res5[6]                 82984         82984             = 
    35 res6[1]                     0            -0             = 
    36 res6[2]                     0            -0             = 
    37 res6[3]                     0            -0             = 
    38 res6[4]                     0            -0             = 
    39 res6[5]                     0            -0             = 
    40 res6[6]                     0            -0             = 
    41 res8[1]                    64                         110 
    42 res8[2]                    77                         110 
    43 res8[3]                   102                         110 
    44 res8[4]                    82                         110 
    45 res8[5]                    98                         110 
    46 res8[6]                    80                         110 
    47 res88[1]                   64            10               
    48 res88[2]                   77            10               
    49 res88[3]                  102            10               
    50 res88[4]                   82            10               
    51 res88[5]                   98            10               
    52 res88[6]                   80            10               
    53 res9[1]                     0                          -0 
    54 res9[2]                 -12.8                          -0 
    55 res9[3]                 -15.4                          -0 
    56 res9[4]                  -0.4                          -0 
    57 res9[5]                 -16.4                          -0 
    58 res9[6]                  -1.6                          -0 
    59 res91[1]                    0                          -0 
    60 res91[2]                -9987                          -0 
    61 res91[3]                -9975                          -0 
    62 res91[4]                    0                          -0 
    63 res91[5]                -9984                          -0 
    64 res91[6]                    0                          -0 
    65 res92[1]                -9984                          -0 
    66 res92[2]                    0                          -0 
    67 res92[3]                    0                          -0 
    68 res92[4]                -9980                          -0 
    69 res92[5]                    0                          -0 
    70 res92[6]                -9982                          -0 
    71 res93[1]                    1                           1 
    72 res93[2]                    1                           1 
    73 res93[3]                    1                           1 
    74 res93[4]                    1                           1 
    75 res93[5]                    1                           1 
    76 res93[6]                    1                           1 
    77 res10[1]                    1                           5 
    78 res10[2]                    0                           5 
    79 res10[3]                    5                           5 
    80 res10[4]                    0                           5 
    81 res10[5]                    5                           5 
    82 res10[6]                    0                           5 
    83 res34[1]                    0            -0             = 
    84 res34[2]                    0            -0             = 
    85 res34[3]                    0            -0             = 
    86 res34[4]                    0            -0             = 
    87 res34[5]                    0            -0             = 
    88 res34[6]                    0            -0             = 
    89 res35[1]                    0            -0             = 
    90 res35[2]                    0            -0             = 
    91 res35[3]                    0            -0             = 
    92 res35[4]                    0            -0             = 
    93 res35[5]                    0            -0             = 
    94 res35[6]                    0            -0             = 
    95 res36[1]                    0            -0             = 
    96 res36[2]                    0            -0             = 
    97 res36[3]                    0            -0             = 
    98 res36[4]                    0            -0             = 
    99 res36[5]                    0            -0             = 
   100 res36[6]                    0            -0             = 
   101 res37[1]                    0            -0             = 
   102 res37[2]                    0            -0             = 
   103 res37[3]                    0            -0             = 
   104 res37[4]                    0            -0             = 
   105 res37[5]                    0            -0             = 
   106 res37[6]                    0            -0             = 
   107 res38[1]                  730                      100000 
   108 res38[2]                 4589                      100000 
   109 res38[3]                  478                      100000 
   110 res38[4]                 4491                      100000 
   111 res38[5]                 3267                      100000 
   112 res38[6]                99956                      100000 
   113 res39[1]                  730            -0               
   114 res39[2]                 4589            -0               
   115 res39[3]                  478            -0               
   116 res39[4]                 4491            -0               
   117 res39[5]                 3267            -0               
   118 res39[6]                99956            -0               
   119 res40[1]                  730                       1e+06 
   120 res40[2]                 4589                       1e+06 
   121 res40[3]                  478                       1e+06 
   122 res40[4]                 4491                       1e+06 
   123 res40[5]                 3267                       1e+06 
   124 res40[6]                1e+06                       1e+06 
   125 res41[1]                    0                          -0 
   126 res41[2]                    0                          -0 
   127 res41[3]                    0                          -0 
   128 res41[4]                    0                          -0 
   129 res41[5]                    0                          -0 
   130 res41[6]              -999956                          -0 
   131 res42[1]                  730        -1e+06               
   132 res42[2]                 4589        -1e+06               
   133 res42[3]                  478        -1e+06               
   134 res42[4]                 4491        -1e+06               
   135 res42[5]                 3267        -1e+06               
   136 res42[6]               -1e+06        -1e+06               
   137 res43[1]                    0            -0               
   138 res43[2]                    0            -0               
   139 res43[3]                    0            -0               
   140 res43[4]                    0            -0               
   141 res43[5]                    0            -0               
   142 res43[6]          1.00004e+06            -0               
   143 res46[1]                    0                          -0 
   144 res46[2]                    0                          -0 
   145 res46[3]                    0                          -0 
   146 res46[4]                    0                          -0 
   147 res46[5]                    0                          -0 
   148 res46[6]              -999956                          -0 
   149 res47[1]                  730                       1e+06 
   150 res47[2]                 4589                       1e+06 
   151 res47[3]                  478                       1e+06 
   152 res47[4]                 4491                       1e+06 
   153 res47[5]                 3267                       1e+06 
   154 res47[6]                1e+06                       1e+06 
   155 res48[1]                    0            -0               
   156 res48[2]                    0            -0               
   157 res48[3]                    0            -0               
   158 res48[4]                    0            -0               
   159 res48[5]                    0            -0               
   160 res48[6]          1.00004e+06            -0               
   161 res49[1]                  730        -1e+06               
   162 res49[2]                 4589        -1e+06               
   163 res49[3]                  478        -1e+06               
   164 res49[4]                 4491        -1e+06               
   165 res49[5]                 3267        -1e+06               
   166 res49[6]               -1e+06        -1e+06               
   167 res4677[1]                730                        5000 
   168 res4677[2]               4589                        5000 
   169 res4677[3]                478                        5000 
   170 res4677[4]               4491                        5000 
   171 res4677[5]               3267                        5000 
   172 res4677[6]                  0                        5000 
   173 res50[1]                    0                          -0 
   174 res50[2]                  -12                          -0 
   175 res50[3]                  -24                          -0 
   176 res50[4]                    0                          -0 
   177 res50[5]                  -15                          -0 
   178 res50[6]                    0                          -0 
   179 res51[1]                    0            -0               
   180 res51[2]                 9987            -0               
   181 res51[3]                 9975            -0               
   182 res51[4]                    0            -0               
   183 res51[5]                 9984            -0               
   184 res51[6]                    0            -0               
   185 res52[1]                81250                      180000 
   186 res52[2]                88125                      180000 
   187 res52[3]                80325                      180000 
   188 res52[4]                86100                      180000 
   189 res52[5]                80750                      180000 
   190 res52[6]                80000                      180000 
   191 res53[1]                81250         80000               
   192 res53[2]                88125         80000               
   193 res53[3]                80325         80000               
   194 res53[4]                86100         80000               
   195 res53[5]                80750         80000               
   196 res53[6]                80000         80000               
   197 res54[1]         -1.21875e+07                       1e+09 
   198 res54[2]         -1.32188e+07                       1e+09 
   199 res54[3]         -1.20488e+07                       1e+09 
   200 res54[4]          -1.2915e+07                       1e+09 
   201 res54[5]         -1.21125e+07                       1e+09 
   202 res54[6]             -1.2e+07                       1e+09 
   203 res55[1]                    0                          -0 
   204 res55[2]                    0                          -0 
   205 res55[3]                    0                          -0 
   206 res55[4]                    0                          -0 
   207 res55[5]                    0                          -0 
   208 res55[6]                    0                          -0 
   209 res56[1]         -1.21875e+07        -1e+09               
   210 res56[2]         -1.32188e+07        -1e+09               
   211 res56[3]         -1.20488e+07        -1e+09               
   212 res56[4]          -1.2915e+07        -1e+09               
   213 res56[5]         -1.21125e+07        -1e+09               
   214 res56[6]             -1.2e+07        -1e+09               
   215 res57[1]                    0            -0               
   216 res57[2]                    0            -0               
   217 res57[3]                    0            -0               
   218 res57[4]                    0            -0               
   219 res57[5]                    0            -0               
   220 res57[6]                    0            -0               
   221 res58[1]               100730                      103000 
   222 res58[2]                 4589                      103000 
   223 res58[3]               100478                      103000 
   224 res58[4]                 4491                      103000 
   225 res58[5]                 3267                      103000 
   226 res58[6]               100000                      103000 
   227 res59[1]               100730          3000               
   228 res59[2]                 4589          3000               
   229 res59[3]               100478          3000               
   230 res59[4]                 4491          3000               
   231 res59[5]                 3267          3000               
   232 res59[6]               100000          3000               
   233 res60[1]         -1.00011e+09                     -450000 
   234 res60[2]              -450000                     -450000 
   235 res60[3]         -1.00007e+09                     -450000 
   236 res60[4]              -450000                     -450000 
   237 res60[5]              -450000                     -450000 
   238 res60[6]               -1e+09                     -450000 
   239 res61[1]                1e+09                       1e+09 
   240 res61[2]               238350                       1e+09 
   241 res61[3]                1e+09                       1e+09 
   242 res61[4]               223650                       1e+09 
   243 res61[5]                40050                       1e+09 
   244 res61[6]                1e+09                       1e+09 
   245 res62[1]          9.99891e+08       -450000               
   246 res62[2]              -450000       -450000               
   247 res62[3]          9.99928e+08       -450000               
   248 res62[4]              -450000       -450000               
   249 res62[5]              -450000       -450000               
   250 res62[6]                1e+09       -450000               
   251 res63[1]               -1e+09        -1e+09               
   252 res63[2]               238350        -1e+09               
   253 res63[3]               -1e+09        -1e+09               
   254 res63[4]               223650        -1e+09               
   255 res63[5]                40050        -1e+09               
   256 res63[6]               -1e+09        -1e+09               

   No. Column name       Activity     Lower bound   Upper bound
------ ------------    ------------- ------------- -------------
     1 Req_Prod[1]  *          80520             0               
     2 Req_Prod[2]  *          83536             0               
     3 Req_Prod[3]  *          79847             0               
     4 Req_Prod[4]  *          81609             0               
     5 Req_Prod[5]  *          77483             0               
     6 Req_Prod[6]  *          80044             0               
     7 H[1]         *              0             0               
     8 H[2]         *             13             0               
     9 H[3]         *             25             0               
    10 H[4]         *              0             0               
    11 H[5]         *             16             0               
    12 H[6]         *              0             0               
    13 F[1]         *             16             0               
    14 F[2]         *              0             0               
    15 F[3]         *              0             0               
    16 F[4]         *             20             0               
    17 F[5]         *              0             0               
    18 F[6]         *             18             0               
    19 W[1]         *             64             0               
    20 W[2]         *             77             0               
    21 W[3]         *            102             0               
    22 W[4]         *             82             0               
    23 W[5]         *             98             0               
    24 W[6]         *             80             0               
    25 W[0]         *             80             0               
    26 W_Extras[1]  *              1             0               
    27 W_Extras[2]  *              0             0               
    28 W_Extras[3]  *              5             0               
    29 W_Extras[4]  *              0             0               
    30 W_Extras[5]  *              5             0               
    31 W_Extras[6]  *              0             0               
    32 P_Antiguos[1]
                    *          80000             0               
    33 P_Antiguos[2]
                    *          80000             0               
    34 P_Antiguos[3]
                    *          65450             0               
    35 P_Antiguos[4]
                    *          86100             0               
    36 P_Antiguos[5]
                    *          69700             0               
    37 P_Antiguos[6]
                    *          80000             0               
    38 P_Contratados[1]
                    *              0             0               
    39 P_Contratados[2]
                    *           8125             0               
    40 P_Contratados[3]
                    *          10625             0               
    41 P_Contratados[4]
                    *              0             0               
    42 P_Contratados[5]
                    *           6800             0               
    43 P_Contratados[6]
                    *              0             0               
    44 P_Extras[1]  *           1250             0               
    45 P_Extras[2]  *              0             0               
    46 P_Extras[3]  *           4250             0               
    47 P_Extras[4]  *              0             0               
    48 P_Extras[5]  *           4250             0               
    49 P_Extras[6]  *              0             0               
    50 P_Total[1]              81250             0               
    51 P_Total[2]              88125             0               
    52 P_Total[3]              80325             0               
    53 P_Total[4]              86100             0               
    54 P_Total[5]              80750             0               
    55 P_Total[6]              80000             0               
    56 Desechados[1]
                    *            420             0               
    57 Desechados[2]
                    *             73             0               
    58 Desechados[3]
                    *            459             0               
    59 Desechados[4]
                    *             48             0               
    60 Desechados[5]
                    *            450             0               
    61 Desechados[6]
                    *            327             0               
    62 Faltantes[1] *              0             0               
    63 Faltantes[2] *              0             0               
    64 Faltantes[3] *              0             0               
    65 Faltantes[4] *              0             0               
    66 Faltantes[5] *              0             0               
    67 Faltantes[6] *             44             0               
    68 Faltantes[0] *              0             0               
    69 Inv_Final[0] *           4200             0               
    70 Inv_Final[1] *            730             0               
    71 Inv_Final[2] *           4589             0               
    72 Inv_Final[3] *            478             0               
    73 Inv_Final[4] *           4491             0               
    74 Inv_Final[5] *           3267             0               
    75 Inv_Final[6] *              0             0               
    76 ALPHA[1]     *              0             0             1 
    77 ALPHA[2]     *              1             0             1 
    78 ALPHA[3]     *              1             0             1 
    79 ALPHA[4]     *              0             0             1 
    80 ALPHA[5]     *              1             0             1 
    81 ALPHA[6]     *              0             0             1 
    82 BETA[1]      *              1             0             1 
    83 BETA[2]      *              0             0             1 
    84 BETA[3]      *              0             0             1 
    85 BETA[4]      *              1             0             1 
    86 BETA[5]      *              0             0             1 
    87 BETA[6]      *              1             0             1 
    88 MIU[1]       *              0             0             1 
    89 MIU[2]       *              0             0             1 
    90 MIU[3]       *              0             0             1 
    91 MIU[4]       *              0             0             1 
    92 MIU[5]       *              0             0             1 
    93 MIU[6]       *              1             0             1 
    94 EPSILON[1]   *              0             0             1 
    95 EPSILON[2]   *              1             0             1 
    96 EPSILON[3]   *              1             0             1 
    97 EPSILON[4]   *              0             0             1 
    98 EPSILON[5]   *              1             0             1 
    99 EPSILON[6]   *              0             0             1 
   100 GAMMA[1]     *              0             0             1 
   101 GAMMA[2]     *              0             0             1 
   102 GAMMA[3]     *              0             0             1 
   103 GAMMA[4]     *              0             0             1 
   104 GAMMA[5]     *              0             0             1 
   105 GAMMA[6]     *              0             0             1 
   106 Costo_Prod[1]
                    *    4.46875e+07             0               
   107 Costo_Prod[2]
                    *    4.84688e+07             0               
   108 Costo_Prod[3]
                    *    4.41788e+07             0               
   109 Costo_Prod[4]
                    *     4.7355e+07             0               
   110 Costo_Prod[5]
                    *    4.44125e+07             0               
   111 Costo_Prod[6]
                    *        4.4e+07             0               
   112 SIGMA[1]     *              1             0             1 
   113 SIGMA[2]     *              0             0             1 
   114 SIGMA[3]     *              1             0             1 
   115 SIGMA[4]     *              0             0             1 
   116 SIGMA[5]     *              0             0             1 
   117 SIGMA[6]     *              1             0             1 
   118 Costo_Alm[1] *         365000             0               
   119 Costo_Alm[2] *    2.53285e+06             0               
   120 Costo_Alm[3] *         239000             0               
   121 Costo_Alm[4] *    2.46915e+06             0               
   122 Costo_Alm[5] *    1.67355e+06             0               
   123 Costo_Alm[6] *              0             0               
   124 Ganancias         4.02206e+09             0               
   125 Costo_Mano_de_Obra
                          3.0741e+08             0               
   126 Costo_de_Contratar
                             2.7e+07             0               
   127 Costo_fijo_de_Contratar
                           3.735e+06             0               
   128 Costo_de_Despedir
                            4.86e+07             0               
   129 Costo_de_produccion_Extras
                            5.85e+06             0               
   130 Costo_variable_de_produccion
                         2.73103e+08             0               
   131 Costo_de_Faltantes
                              184800             0               
   132 Costo_de_Almacenamiento
                         7.27955e+06             0               
   133 Costo_de_Cajas_Desechadas
                           5.331e+06             0               
   134 Costo_de_Subcontratacion
                              345400             0               
   135 Costos_Totales
                         6.78838e+08             0               

Integer feasibility conditions:

KKT.PE: max.abs.err = 0.00e+00 on row 0
        max.rel.err = 0.00e+00 on row 0
        High quality

KKT.PB: max.abs.err = 0.00e+00 on row 0
        max.rel.err = 0.00e+00 on row 0
        High quality

End of output
