Problem:    Primera
Rows:       112
Columns:    1020 (1020 integer, 1020 binary)
Non-zeros:  5091
Status:     INTEGER NON-OPTIMAL
Objective:  total = 41792 (MINimum)

   No.   Row name        Activity     Lower bound   Upper bound
------ ------------    ------------- ------------- -------------
     1 total                   41792                             
     2 Demandaatendida
                               -1046                       -1012 
     3 Porcentajeminimo[1]
                                   0            -0               
     4 Porcentajeminimo[2]
                                   0            -0               
     5 Porcentajeminimo[3]
                                 0.2            -0               
     6 Porcentajeminimo[4]
                                 5.2            -0               
     7 Porcentajeminimo[5]
                                 3.2            -0               
     8 Porcentajeminimo[6]
                                 0.5            -0               
     9 Porcentajeminimo[7]
                                 2.9            -0               
    10 Porcentajeminimo[8]
                                   0            -0               
    11 Porcentajeminimo[9]
                                   1            -0               
    12 Porcentajeminimo[10]
                                 7.7            -0               
    13 Porcentajeminimo[11]
                                 2.3            -0               
    14 Porcentajeminimo[12]
                                 6.5            -0               
    15 Porcentajeminimo[13]
                                 5.2            -0               
    16 Porcentajeminimo[14]
                                 1.2            -0               
    17 Porcentajeminimo[15]
                                 3.8            -0               
    18 Porcentajeminimo[16]
                                   9            -0               
    19 Porcentajeminimo[17]
                                 6.7            -0               
    20 Porcentajeminimo[18]
                                 7.8            -0               
    21 Porcentajeminimo[19]
                                 7.4            -0               
    22 Porcentajeminimo[20]
                                   0            -0               
    23 Porcentajemaximo[1]
                                   0                          -0 
    24 Porcentajemaximo[2]
                                   0                          -0 
    25 Porcentajemaximo[3]
                                  -3                          -0 
    26 Porcentajemaximo[4]
                                   0                          -0 
    27 Porcentajemaximo[5]
                                   0                          -0 
    28 Porcentajemaximo[6]
                                  -9                          -0 
    29 Porcentajemaximo[7]
                                   0                          -0 
    30 Porcentajemaximo[8]
                                   0                          -0 
    31 Porcentajemaximo[9]
                                  -7                          -0 
    32 Porcentajemaximo[10]
                                  -2                          -0 
    33 Porcentajemaximo[11]
                                   0                          -0 
    34 Porcentajemaximo[12]
                                  -2                          -0 
    35 Porcentajemaximo[13]
                                  -2                          -0 
    36 Porcentajemaximo[14]
                                  -5                          -0 
    37 Porcentajemaximo[15]
                                  -1                          -0 
    38 Porcentajemaximo[16]
                                  -1                          -0 
    39 Porcentajemaximo[17]
                                  -1                          -0 
    40 Porcentajemaximo[18]
                                   0                          -0 
    41 Porcentajemaximo[19]
                                  -1                          -0 
    42 Porcentajemaximo[20]
                                   0                          -0 
    43 Antencionclientes[1]
                                   1             1             = 
    44 Antencionclientes[2]
                                   1             1             = 
    45 Antencionclientes[3]
                                   1             1             = 
    46 Antencionclientes[4]
                                   1             1             = 
    47 Antencionclientes[5]
                                   1             1             = 
    48 Antencionclientes[6]
                                   1             1             = 
    49 Antencionclientes[7]
                                   1             1             = 
    50 Antencionclientes[8]
                                   1             1             = 
    51 Antencionclientes[9]
                                   1             1             = 
    52 Antencionclientes[10]
                                   1             1             = 
    53 Antencionclientes[11]
                                   1             1             = 
    54 Antencionclientes[12]
                                   1             1             = 
    55 Antencionclientes[13]
                                   1             1             = 
    56 Antencionclientes[14]
                                   1             1             = 
    57 Antencionclientes[15]
                                   1             1             = 
    58 Antencionclientes[16]
                                   1             1             = 
    59 Antencionclientes[17]
                                   1             1             = 
    60 Antencionclientes[18]
                                   1             1             = 
    61 Antencionclientes[19]
                                   1             1             = 
    62 Antencionclientes[20]
                                   1             1             = 
    63 Antencionclientes[21]
                                   1             1             = 
    64 Antencionclientes[22]
                                   1             1             = 
    65 Antencionclientes[23]
                                   1             1             = 
    66 Antencionclientes[24]
                                   1             1             = 
    67 Antencionclientes[25]
                                   1             1             = 
    68 Antencionclientes[26]
                                   1             1             = 
    69 Antencionclientes[27]
                                   1             1             = 
    70 Antencionclientes[28]
                                   1             1             = 
    71 Antencionclientes[29]
                                   1             1             = 
    72 Antencionclientes[30]
                                   1             1             = 
    73 Antencionclientes[31]
                                   1             1             = 
    74 Antencionclientes[32]
                                   1             1             = 
    75 Antencionclientes[33]
                                   1             1             = 
    76 Antencionclientes[34]
                                   1             1             = 
    77 Antencionclientes[35]
                                   1             1             = 
    78 Antencionclientes[36]
                                   1             1             = 
    79 Antencionclientes[37]
                                   1             1             = 
    80 Antencionclientes[38]
                                   1             1             = 
    81 Antencionclientes[39]
                                   1             1             = 
    82 Antencionclientes[40]
                                   1             1             = 
    83 Antencionclientes[41]
                                   1             1             = 
    84 Antencionclientes[42]
                                   1             1             = 
    85 Antencionclientes[43]
                                   1             1             = 
    86 Antencionclientes[44]
                                   1             1             = 
    87 Antencionclientes[45]
                                   1             1             = 
    88 Antencionclientes[46]
                                   1             1             = 
    89 Antencionclientes[47]
                                   1             1             = 
    90 Antencionclientes[48]
                                   1             1             = 
    91 Antencionclientes[49]
                                   1             1             = 
    92 Antencionclientes[50]
                                   1             1             = 
    93 Minclientes[1]
                                   0            -0               
    94 Minclientes[2]
                                   0            -0               
    95 Minclientes[3]
                                   0            -0               
    96 Minclientes[4]
                                   0            -0               
    97 Minclientes[5]
                                   0            -0               
    98 Minclientes[6]
                                   0            -0               
    99 Minclientes[7]
                                   0            -0               
   100 Minclientes[8]
                                   0            -0               
   101 Minclientes[9]
                                   0            -0               
   102 Minclientes[10]
                                   0            -0               
   103 Minclientes[11]
                                   0            -0               
   104 Minclientes[12]
                                   0            -0               
   105 Minclientes[13]
                                   0            -0               
   106 Minclientes[14]
                                   0            -0               
   107 Minclientes[15]
                                   0            -0               
   108 Minclientes[16]
                                   1            -0               
   109 Minclientes[17]
                                   0            -0               
   110 Minclientes[18]
                                   1            -0               
   111 Minclientes[19]
                                   0            -0               
   112 Minclientes[20]
                                   0            -0               

   No. Column name       Activity     Lower bound   Upper bound
------ ------------    ------------- ------------- -------------
     1 x[1,1]       *              0             0             1 
     2 x[1,2]       *              0             0             1 
     3 x[1,3]       *              0             0             1 
     4 x[1,4]       *              0             0             1 
     5 x[1,5]       *              0             0             1 
     6 x[1,6]       *              0             0             1 
     7 x[1,7]       *              0             0             1 
     8 x[1,8]       *              0             0             1 
     9 x[1,9]       *              0             0             1 
    10 x[1,10]      *              0             0             1 
    11 x[1,11]      *              0             0             1 
    12 x[1,12]      *              0             0             1 
    13 x[1,13]      *              0             0             1 
    14 x[1,14]      *              0             0             1 
    15 x[1,15]      *              0             0             1 
    16 x[1,16]      *              0             0             1 
    17 x[1,17]      *              0             0             1 
    18 x[1,18]      *              0             0             1 
    19 x[1,19]      *              0             0             1 
    20 x[1,20]      *              0             0             1 
    21 x[1,21]      *              0             0             1 
    22 x[1,22]      *              0             0             1 
    23 x[1,23]      *              0             0             1 
    24 x[1,24]      *              0             0             1 
    25 x[1,25]      *              0             0             1 
    26 x[1,26]      *              0             0             1 
    27 x[1,27]      *              0             0             1 
    28 x[1,28]      *              0             0             1 
    29 x[1,29]      *              0             0             1 
    30 x[1,30]      *              0             0             1 
    31 x[1,31]      *              0             0             1 
    32 x[1,32]      *              0             0             1 
    33 x[1,33]      *              0             0             1 
    34 x[1,34]      *              0             0             1 
    35 x[1,35]      *              0             0             1 
    36 x[1,36]      *              0             0             1 
    37 x[1,37]      *              0             0             1 
    38 x[1,38]      *              0             0             1 
    39 x[1,39]      *              0             0             1 
    40 x[1,40]      *              0             0             1 
    41 x[1,41]      *              0             0             1 
    42 x[1,42]      *              0             0             1 
    43 x[1,43]      *              0             0             1 
    44 x[1,44]      *              0             0             1 
    45 x[1,45]      *              0             0             1 
    46 x[1,46]      *              0             0             1 
    47 x[1,47]      *              0             0             1 
    48 x[1,48]      *              0             0             1 
    49 x[1,49]      *              0             0             1 
    50 x[1,50]      *              0             0             1 
    51 x[2,1]       *              0             0             1 
    52 x[2,2]       *              0             0             1 
    53 x[2,3]       *              0             0             1 
    54 x[2,4]       *              0             0             1 
    55 x[2,5]       *              0             0             1 
    56 x[2,6]       *              0             0             1 
    57 x[2,7]       *              0             0             1 
    58 x[2,8]       *              0             0             1 
    59 x[2,9]       *              0             0             1 
    60 x[2,10]      *              0             0             1 
    61 x[2,11]      *              0             0             1 
    62 x[2,12]      *              0             0             1 
    63 x[2,13]      *              0             0             1 
    64 x[2,14]      *              0             0             1 
    65 x[2,15]      *              0             0             1 
    66 x[2,16]      *              0             0             1 
    67 x[2,17]      *              0             0             1 
    68 x[2,18]      *              0             0             1 
    69 x[2,19]      *              0             0             1 
    70 x[2,20]      *              0             0             1 
    71 x[2,21]      *              0             0             1 
    72 x[2,22]      *              0             0             1 
    73 x[2,23]      *              0             0             1 
    74 x[2,24]      *              0             0             1 
    75 x[2,25]      *              0             0             1 
    76 x[2,26]      *              0             0             1 
    77 x[2,27]      *              0             0             1 
    78 x[2,28]      *              0             0             1 
    79 x[2,29]      *              0             0             1 
    80 x[2,30]      *              0             0             1 
    81 x[2,31]      *              0             0             1 
    82 x[2,32]      *              0             0             1 
    83 x[2,33]      *              0             0             1 
    84 x[2,34]      *              0             0             1 
    85 x[2,35]      *              0             0             1 
    86 x[2,36]      *              0             0             1 
    87 x[2,37]      *              0             0             1 
    88 x[2,38]      *              0             0             1 
    89 x[2,39]      *              0             0             1 
    90 x[2,40]      *              0             0             1 
    91 x[2,41]      *              0             0             1 
    92 x[2,42]      *              0             0             1 
    93 x[2,43]      *              0             0             1 
    94 x[2,44]      *              0             0             1 
    95 x[2,45]      *              0             0             1 
    96 x[2,46]      *              0             0             1 
    97 x[2,47]      *              0             0             1 
    98 x[2,48]      *              0             0             1 
    99 x[2,49]      *              0             0             1 
   100 x[2,50]      *              0             0             1 
   101 x[3,1]       *              0             0             1 
   102 x[3,2]       *              0             0             1 
   103 x[3,3]       *              0             0             1 
   104 x[3,4]       *              0             0             1 
   105 x[3,5]       *              0             0             1 
   106 x[3,6]       *              0             0             1 
   107 x[3,7]       *              0             0             1 
   108 x[3,8]       *              0             0             1 
   109 x[3,9]       *              0             0             1 
   110 x[3,10]      *              0             0             1 
   111 x[3,11]      *              0             0             1 
   112 x[3,12]      *              0             0             1 
   113 x[3,13]      *              0             0             1 
   114 x[3,14]      *              0             0             1 
   115 x[3,15]      *              0             0             1 
   116 x[3,16]      *              0             0             1 
   117 x[3,17]      *              0             0             1 
   118 x[3,18]      *              0             0             1 
   119 x[3,19]      *              0             0             1 
   120 x[3,20]      *              1             0             1 
   121 x[3,21]      *              1             0             1 
   122 x[3,22]      *              0             0             1 
   123 x[3,23]      *              0             0             1 
   124 x[3,24]      *              0             0             1 
   125 x[3,25]      *              0             0             1 
   126 x[3,26]      *              0             0             1 
   127 x[3,27]      *              0             0             1 
   128 x[3,28]      *              0             0             1 
   129 x[3,29]      *              0             0             1 
   130 x[3,30]      *              0             0             1 
   131 x[3,31]      *              0             0             1 
   132 x[3,32]      *              0             0             1 
   133 x[3,33]      *              0             0             1 
   134 x[3,34]      *              0             0             1 
   135 x[3,35]      *              0             0             1 
   136 x[3,36]      *              0             0             1 
   137 x[3,37]      *              0             0             1 
   138 x[3,38]      *              1             0             1 
   139 x[3,39]      *              0             0             1 
   140 x[3,40]      *              0             0             1 
   141 x[3,41]      *              0             0             1 
   142 x[3,42]      *              0             0             1 
   143 x[3,43]      *              0             0             1 
   144 x[3,44]      *              0             0             1 
   145 x[3,45]      *              0             0             1 
   146 x[3,46]      *              0             0             1 
   147 x[3,47]      *              0             0             1 
   148 x[3,48]      *              0             0             1 
   149 x[3,49]      *              0             0             1 
   150 x[3,50]      *              0             0             1 
   151 x[4,1]       *              0             0             1 
   152 x[4,2]       *              0             0             1 
   153 x[4,3]       *              1             0             1 
   154 x[4,4]       *              0             0             1 
   155 x[4,5]       *              0             0             1 
   156 x[4,6]       *              0             0             1 
   157 x[4,7]       *              0             0             1 
   158 x[4,8]       *              1             0             1 
   159 x[4,9]       *              0             0             1 
   160 x[4,10]      *              0             0             1 
   161 x[4,11]      *              0             0             1 
   162 x[4,12]      *              0             0             1 
   163 x[4,13]      *              0             0             1 
   164 x[4,14]      *              0             0             1 
   165 x[4,15]      *              0             0             1 
   166 x[4,16]      *              1             0             1 
   167 x[4,17]      *              0             0             1 
   168 x[4,18]      *              0             0             1 
   169 x[4,19]      *              0             0             1 
   170 x[4,20]      *              0             0             1 
   171 x[4,21]      *              0             0             1 
   172 x[4,22]      *              0             0             1 
   173 x[4,23]      *              0             0             1 
   174 x[4,24]      *              0             0             1 
   175 x[4,25]      *              0             0             1 
   176 x[4,26]      *              0             0             1 
   177 x[4,27]      *              0             0             1 
   178 x[4,28]      *              0             0             1 
   179 x[4,29]      *              0             0             1 
   180 x[4,30]      *              0             0             1 
   181 x[4,31]      *              0             0             1 
   182 x[4,32]      *              0             0             1 
   183 x[4,33]      *              0             0             1 
   184 x[4,34]      *              0             0             1 
   185 x[4,35]      *              0             0             1 
   186 x[4,36]      *              0             0             1 
   187 x[4,37]      *              0             0             1 
   188 x[4,38]      *              0             0             1 
   189 x[4,39]      *              0             0             1 
   190 x[4,40]      *              0             0             1 
   191 x[4,41]      *              0             0             1 
   192 x[4,42]      *              0             0             1 
   193 x[4,43]      *              0             0             1 
   194 x[4,44]      *              0             0             1 
   195 x[4,45]      *              0             0             1 
   196 x[4,46]      *              0             0             1 
   197 x[4,47]      *              0             0             1 
   198 x[4,48]      *              0             0             1 
   199 x[4,49]      *              0             0             1 
   200 x[4,50]      *              0             0             1 
   201 x[5,1]       *              0             0             1 
   202 x[5,2]       *              0             0             1 
   203 x[5,3]       *              0             0             1 
   204 x[5,4]       *              0             0             1 
   205 x[5,5]       *              0             0             1 
   206 x[5,6]       *              0             0             1 
   207 x[5,7]       *              0             0             1 
   208 x[5,8]       *              0             0             1 
   209 x[5,9]       *              0             0             1 
   210 x[5,10]      *              0             0             1 
   211 x[5,11]      *              0             0             1 
   212 x[5,12]      *              0             0             1 
   213 x[5,13]      *              0             0             1 
   214 x[5,14]      *              0             0             1 
   215 x[5,15]      *              1             0             1 
   216 x[5,16]      *              0             0             1 
   217 x[5,17]      *              0             0             1 
   218 x[5,18]      *              0             0             1 
   219 x[5,19]      *              0             0             1 
   220 x[5,20]      *              0             0             1 
   221 x[5,21]      *              0             0             1 
   222 x[5,22]      *              0             0             1 
   223 x[5,23]      *              1             0             1 
   224 x[5,24]      *              0             0             1 
   225 x[5,25]      *              0             0             1 
   226 x[5,26]      *              0             0             1 
   227 x[5,27]      *              0             0             1 
   228 x[5,28]      *              0             0             1 
   229 x[5,29]      *              0             0             1 
   230 x[5,30]      *              0             0             1 
   231 x[5,31]      *              0             0             1 
   232 x[5,32]      *              0             0             1 
   233 x[5,33]      *              0             0             1 
   234 x[5,34]      *              0             0             1 
   235 x[5,35]      *              0             0             1 
   236 x[5,36]      *              0             0             1 
   237 x[5,37]      *              1             0             1 
   238 x[5,38]      *              0             0             1 
   239 x[5,39]      *              0             0             1 
   240 x[5,40]      *              0             0             1 
   241 x[5,41]      *              0             0             1 
   242 x[5,42]      *              0             0             1 
   243 x[5,43]      *              0             0             1 
   244 x[5,44]      *              0             0             1 
   245 x[5,45]      *              0             0             1 
   246 x[5,46]      *              0             0             1 
   247 x[5,47]      *              0             0             1 
   248 x[5,48]      *              0             0             1 
   249 x[5,49]      *              0             0             1 
   250 x[5,50]      *              0             0             1 
   251 x[6,1]       *              0             0             1 
   252 x[6,2]       *              0             0             1 
   253 x[6,3]       *              0             0             1 
   254 x[6,4]       *              1             0             1 
   255 x[6,5]       *              0             0             1 
   256 x[6,6]       *              0             0             1 
   257 x[6,7]       *              0             0             1 
   258 x[6,8]       *              0             0             1 
   259 x[6,9]       *              0             0             1 
   260 x[6,10]      *              0             0             1 
   261 x[6,11]      *              0             0             1 
   262 x[6,12]      *              0             0             1 
   263 x[6,13]      *              0             0             1 
   264 x[6,14]      *              0             0             1 
   265 x[6,15]      *              0             0             1 
   266 x[6,16]      *              0             0             1 
   267 x[6,17]      *              0             0             1 
   268 x[6,18]      *              0             0             1 
   269 x[6,19]      *              0             0             1 
   270 x[6,20]      *              0             0             1 
   271 x[6,21]      *              0             0             1 
   272 x[6,22]      *              0             0             1 
   273 x[6,23]      *              0             0             1 
   274 x[6,24]      *              0             0             1 
   275 x[6,25]      *              0             0             1 
   276 x[6,26]      *              0             0             1 
   277 x[6,27]      *              0             0             1 
   278 x[6,28]      *              0             0             1 
   279 x[6,29]      *              0             0             1 
   280 x[6,30]      *              0             0             1 
   281 x[6,31]      *              0             0             1 
   282 x[6,32]      *              1             0             1 
   283 x[6,33]      *              0             0             1 
   284 x[6,34]      *              0             0             1 
   285 x[6,35]      *              0             0             1 
   286 x[6,36]      *              0             0             1 
   287 x[6,37]      *              0             0             1 
   288 x[6,38]      *              0             0             1 
   289 x[6,39]      *              0             0             1 
   290 x[6,40]      *              0             0             1 
   291 x[6,41]      *              0             0             1 
   292 x[6,42]      *              0             0             1 
   293 x[6,43]      *              0             0             1 
   294 x[6,44]      *              0             0             1 
   295 x[6,45]      *              0             0             1 
   296 x[6,46]      *              0             0             1 
   297 x[6,47]      *              0             0             1 
   298 x[6,48]      *              0             0             1 
   299 x[6,49]      *              0             0             1 
   300 x[6,50]      *              1             0             1 
   301 x[7,1]       *              0             0             1 
   302 x[7,2]       *              0             0             1 
   303 x[7,3]       *              0             0             1 
   304 x[7,4]       *              0             0             1 
   305 x[7,5]       *              0             0             1 
   306 x[7,6]       *              0             0             1 
   307 x[7,7]       *              0             0             1 
   308 x[7,8]       *              0             0             1 
   309 x[7,9]       *              0             0             1 
   310 x[7,10]      *              0             0             1 
   311 x[7,11]      *              0             0             1 
   312 x[7,12]      *              0             0             1 
   313 x[7,13]      *              0             0             1 
   314 x[7,14]      *              0             0             1 
   315 x[7,15]      *              0             0             1 
   316 x[7,16]      *              0             0             1 
   317 x[7,17]      *              0             0             1 
   318 x[7,18]      *              0             0             1 
   319 x[7,19]      *              0             0             1 
   320 x[7,20]      *              0             0             1 
   321 x[7,21]      *              0             0             1 
   322 x[7,22]      *              1             0             1 
   323 x[7,23]      *              0             0             1 
   324 x[7,24]      *              0             0             1 
   325 x[7,25]      *              0             0             1 
   326 x[7,26]      *              0             0             1 
   327 x[7,27]      *              0             0             1 
   328 x[7,28]      *              0             0             1 
   329 x[7,29]      *              0             0             1 
   330 x[7,30]      *              0             0             1 
   331 x[7,31]      *              0             0             1 
   332 x[7,32]      *              0             0             1 
   333 x[7,33]      *              0             0             1 
   334 x[7,34]      *              0             0             1 
   335 x[7,35]      *              1             0             1 
   336 x[7,36]      *              0             0             1 
   337 x[7,37]      *              0             0             1 
   338 x[7,38]      *              0             0             1 
   339 x[7,39]      *              0             0             1 
   340 x[7,40]      *              0             0             1 
   341 x[7,41]      *              1             0             1 
   342 x[7,42]      *              0             0             1 
   343 x[7,43]      *              0             0             1 
   344 x[7,44]      *              0             0             1 
   345 x[7,45]      *              0             0             1 
   346 x[7,46]      *              0             0             1 
   347 x[7,47]      *              0             0             1 
   348 x[7,48]      *              0             0             1 
   349 x[7,49]      *              0             0             1 
   350 x[7,50]      *              0             0             1 
   351 x[8,1]       *              0             0             1 
   352 x[8,2]       *              0             0             1 
   353 x[8,3]       *              0             0             1 
   354 x[8,4]       *              0             0             1 
   355 x[8,5]       *              0             0             1 
   356 x[8,6]       *              0             0             1 
   357 x[8,7]       *              0             0             1 
   358 x[8,8]       *              0             0             1 
   359 x[8,9]       *              0             0             1 
   360 x[8,10]      *              0             0             1 
   361 x[8,11]      *              0             0             1 
   362 x[8,12]      *              0             0             1 
   363 x[8,13]      *              0             0             1 
   364 x[8,14]      *              0             0             1 
   365 x[8,15]      *              0             0             1 
   366 x[8,16]      *              0             0             1 
   367 x[8,17]      *              0             0             1 
   368 x[8,18]      *              0             0             1 
   369 x[8,19]      *              0             0             1 
   370 x[8,20]      *              0             0             1 
   371 x[8,21]      *              0             0             1 
   372 x[8,22]      *              0             0             1 
   373 x[8,23]      *              0             0             1 
   374 x[8,24]      *              0             0             1 
   375 x[8,25]      *              0             0             1 
   376 x[8,26]      *              0             0             1 
   377 x[8,27]      *              0             0             1 
   378 x[8,28]      *              0             0             1 
   379 x[8,29]      *              0             0             1 
   380 x[8,30]      *              0             0             1 
   381 x[8,31]      *              0             0             1 
   382 x[8,32]      *              0             0             1 
   383 x[8,33]      *              0             0             1 
   384 x[8,34]      *              0             0             1 
   385 x[8,35]      *              0             0             1 
   386 x[8,36]      *              0             0             1 
   387 x[8,37]      *              0             0             1 
   388 x[8,38]      *              0             0             1 
   389 x[8,39]      *              0             0             1 
   390 x[8,40]      *              0             0             1 
   391 x[8,41]      *              0             0             1 
   392 x[8,42]      *              0             0             1 
   393 x[8,43]      *              0             0             1 
   394 x[8,44]      *              0             0             1 
   395 x[8,45]      *              0             0             1 
   396 x[8,46]      *              0             0             1 
   397 x[8,47]      *              0             0             1 
   398 x[8,48]      *              0             0             1 
   399 x[8,49]      *              0             0             1 
   400 x[8,50]      *              0             0             1 
   401 x[9,1]       *              0             0             1 
   402 x[9,2]       *              0             0             1 
   403 x[9,3]       *              0             0             1 
   404 x[9,4]       *              0             0             1 
   405 x[9,5]       *              0             0             1 
   406 x[9,6]       *              0             0             1 
   407 x[9,7]       *              0             0             1 
   408 x[9,8]       *              0             0             1 
   409 x[9,9]       *              0             0             1 
   410 x[9,10]      *              1             0             1 
   411 x[9,11]      *              0             0             1 
   412 x[9,12]      *              0             0             1 
   413 x[9,13]      *              0             0             1 
   414 x[9,14]      *              0             0             1 
   415 x[9,15]      *              0             0             1 
   416 x[9,16]      *              0             0             1 
   417 x[9,17]      *              0             0             1 
   418 x[9,18]      *              0             0             1 
   419 x[9,19]      *              0             0             1 
   420 x[9,20]      *              0             0             1 
   421 x[9,21]      *              0             0             1 
   422 x[9,22]      *              0             0             1 
   423 x[9,23]      *              0             0             1 
   424 x[9,24]      *              0             0             1 
   425 x[9,25]      *              0             0             1 
   426 x[9,26]      *              0             0             1 
   427 x[9,27]      *              0             0             1 
   428 x[9,28]      *              0             0             1 
   429 x[9,29]      *              0             0             1 
   430 x[9,30]      *              0             0             1 
   431 x[9,31]      *              0             0             1 
   432 x[9,32]      *              0             0             1 
   433 x[9,33]      *              0             0             1 
   434 x[9,34]      *              1             0             1 
   435 x[9,35]      *              0             0             1 
   436 x[9,36]      *              0             0             1 
   437 x[9,37]      *              0             0             1 
   438 x[9,38]      *              0             0             1 
   439 x[9,39]      *              0             0             1 
   440 x[9,40]      *              0             0             1 
   441 x[9,41]      *              0             0             1 
   442 x[9,42]      *              0             0             1 
   443 x[9,43]      *              0             0             1 
   444 x[9,44]      *              0             0             1 
   445 x[9,45]      *              0             0             1 
   446 x[9,46]      *              0             0             1 
   447 x[9,47]      *              0             0             1 
   448 x[9,48]      *              1             0             1 
   449 x[9,49]      *              0             0             1 
   450 x[9,50]      *              0             0             1 
   451 x[10,1]      *              0             0             1 
   452 x[10,2]      *              0             0             1 
   453 x[10,3]      *              0             0             1 
   454 x[10,4]      *              0             0             1 
   455 x[10,5]      *              0             0             1 
   456 x[10,6]      *              0             0             1 
   457 x[10,7]      *              0             0             1 
   458 x[10,8]      *              0             0             1 
   459 x[10,9]      *              0             0             1 
   460 x[10,10]     *              0             0             1 
   461 x[10,11]     *              0             0             1 
   462 x[10,12]     *              0             0             1 
   463 x[10,13]     *              1             0             1 
   464 x[10,14]     *              1             0             1 
   465 x[10,15]     *              0             0             1 
   466 x[10,16]     *              0             0             1 
   467 x[10,17]     *              0             0             1 
   468 x[10,18]     *              0             0             1 
   469 x[10,19]     *              0             0             1 
   470 x[10,20]     *              0             0             1 
   471 x[10,21]     *              0             0             1 
   472 x[10,22]     *              0             0             1 
   473 x[10,23]     *              0             0             1 
   474 x[10,24]     *              0             0             1 
   475 x[10,25]     *              0             0             1 
   476 x[10,26]     *              0             0             1 
   477 x[10,27]     *              0             0             1 
   478 x[10,28]     *              0             0             1 
   479 x[10,29]     *              0             0             1 
   480 x[10,30]     *              0             0             1 
   481 x[10,31]     *              0             0             1 
   482 x[10,32]     *              0             0             1 
   483 x[10,33]     *              0             0             1 
   484 x[10,34]     *              0             0             1 
   485 x[10,35]     *              0             0             1 
   486 x[10,36]     *              0             0             1 
   487 x[10,37]     *              0             0             1 
   488 x[10,38]     *              0             0             1 
   489 x[10,39]     *              0             0             1 
   490 x[10,40]     *              0             0             1 
   491 x[10,41]     *              0             0             1 
   492 x[10,42]     *              0             0             1 
   493 x[10,43]     *              0             0             1 
   494 x[10,44]     *              0             0             1 
   495 x[10,45]     *              0             0             1 
   496 x[10,46]     *              0             0             1 
   497 x[10,47]     *              1             0             1 
   498 x[10,48]     *              0             0             1 
   499 x[10,49]     *              0             0             1 
   500 x[10,50]     *              0             0             1 
   501 x[11,1]      *              0             0             1 
   502 x[11,2]      *              0             0             1 
   503 x[11,3]      *              0             0             1 
   504 x[11,4]      *              0             0             1 
   505 x[11,5]      *              0             0             1 
   506 x[11,6]      *              0             0             1 
   507 x[11,7]      *              0             0             1 
   508 x[11,8]      *              0             0             1 
   509 x[11,9]      *              0             0             1 
   510 x[11,10]     *              0             0             1 
   511 x[11,11]     *              0             0             1 
   512 x[11,12]     *              0             0             1 
   513 x[11,13]     *              0             0             1 
   514 x[11,14]     *              0             0             1 
   515 x[11,15]     *              0             0             1 
   516 x[11,16]     *              0             0             1 
   517 x[11,17]     *              0             0             1 
   518 x[11,18]     *              0             0             1 
   519 x[11,19]     *              0             0             1 
   520 x[11,20]     *              0             0             1 
   521 x[11,21]     *              0             0             1 
   522 x[11,22]     *              0             0             1 
   523 x[11,23]     *              0             0             1 
   524 x[11,24]     *              1             0             1 
   525 x[11,25]     *              0             0             1 
   526 x[11,26]     *              1             0             1 
   527 x[11,27]     *              0             0             1 
   528 x[11,28]     *              0             0             1 
   529 x[11,29]     *              0             0             1 
   530 x[11,30]     *              0             0             1 
   531 x[11,31]     *              0             0             1 
   532 x[11,32]     *              0             0             1 
   533 x[11,33]     *              0             0             1 
   534 x[11,34]     *              0             0             1 
   535 x[11,35]     *              0             0             1 
   536 x[11,36]     *              0             0             1 
   537 x[11,37]     *              0             0             1 
   538 x[11,38]     *              0             0             1 
   539 x[11,39]     *              0             0             1 
   540 x[11,40]     *              1             0             1 
   541 x[11,41]     *              0             0             1 
   542 x[11,42]     *              0             0             1 
   543 x[11,43]     *              0             0             1 
   544 x[11,44]     *              0             0             1 
   545 x[11,45]     *              0             0             1 
   546 x[11,46]     *              0             0             1 
   547 x[11,47]     *              0             0             1 
   548 x[11,48]     *              0             0             1 
   549 x[11,49]     *              0             0             1 
   550 x[11,50]     *              0             0             1 
   551 x[12,1]      *              1             0             1 
   552 x[12,2]      *              0             0             1 
   553 x[12,3]      *              0             0             1 
   554 x[12,4]      *              0             0             1 
   555 x[12,5]      *              0             0             1 
   556 x[12,6]      *              0             0             1 
   557 x[12,7]      *              0             0             1 
   558 x[12,8]      *              0             0             1 
   559 x[12,9]      *              0             0             1 
   560 x[12,10]     *              0             0             1 
   561 x[12,11]     *              0             0             1 
   562 x[12,12]     *              1             0             1 
   563 x[12,13]     *              0             0             1 
   564 x[12,14]     *              0             0             1 
   565 x[12,15]     *              0             0             1 
   566 x[12,16]     *              0             0             1 
   567 x[12,17]     *              0             0             1 
   568 x[12,18]     *              0             0             1 
   569 x[12,19]     *              1             0             1 
   570 x[12,20]     *              0             0             1 
   571 x[12,21]     *              0             0             1 
   572 x[12,22]     *              0             0             1 
   573 x[12,23]     *              0             0             1 
   574 x[12,24]     *              0             0             1 
   575 x[12,25]     *              0             0             1 
   576 x[12,26]     *              0             0             1 
   577 x[12,27]     *              0             0             1 
   578 x[12,28]     *              0             0             1 
   579 x[12,29]     *              0             0             1 
   580 x[12,30]     *              0             0             1 
   581 x[12,31]     *              0             0             1 
   582 x[12,32]     *              0             0             1 
   583 x[12,33]     *              0             0             1 
   584 x[12,34]     *              0             0             1 
   585 x[12,35]     *              0             0             1 
   586 x[12,36]     *              0             0             1 
   587 x[12,37]     *              0             0             1 
   588 x[12,38]     *              0             0             1 
   589 x[12,39]     *              0             0             1 
   590 x[12,40]     *              0             0             1 
   591 x[12,41]     *              0             0             1 
   592 x[12,42]     *              0             0             1 
   593 x[12,43]     *              0             0             1 
   594 x[12,44]     *              0             0             1 
   595 x[12,45]     *              0             0             1 
   596 x[12,46]     *              0             0             1 
   597 x[12,47]     *              0             0             1 
   598 x[12,48]     *              0             0             1 
   599 x[12,49]     *              0             0             1 
   600 x[12,50]     *              0             0             1 
   601 x[13,1]      *              0             0             1 
   602 x[13,2]      *              0             0             1 
   603 x[13,3]      *              0             0             1 
   604 x[13,4]      *              0             0             1 
   605 x[13,5]      *              0             0             1 
   606 x[13,6]      *              0             0             1 
   607 x[13,7]      *              1             0             1 
   608 x[13,8]      *              0             0             1 
   609 x[13,9]      *              0             0             1 
   610 x[13,10]     *              0             0             1 
   611 x[13,11]     *              0             0             1 
   612 x[13,12]     *              0             0             1 
   613 x[13,13]     *              0             0             1 
   614 x[13,14]     *              0             0             1 
   615 x[13,15]     *              0             0             1 
   616 x[13,16]     *              0             0             1 
   617 x[13,17]     *              0             0             1 
   618 x[13,18]     *              0             0             1 
   619 x[13,19]     *              0             0             1 
   620 x[13,20]     *              0             0             1 
   621 x[13,21]     *              0             0             1 
   622 x[13,22]     *              0             0             1 
   623 x[13,23]     *              0             0             1 
   624 x[13,24]     *              0             0             1 
   625 x[13,25]     *              0             0             1 
   626 x[13,26]     *              0             0             1 
   627 x[13,27]     *              0             0             1 
   628 x[13,28]     *              1             0             1 
   629 x[13,29]     *              0             0             1 
   630 x[13,30]     *              0             0             1 
   631 x[13,31]     *              0             0             1 
   632 x[13,32]     *              0             0             1 
   633 x[13,33]     *              0             0             1 
   634 x[13,34]     *              0             0             1 
   635 x[13,35]     *              0             0             1 
   636 x[13,36]     *              0             0             1 
   637 x[13,37]     *              0             0             1 
   638 x[13,38]     *              0             0             1 
   639 x[13,39]     *              0             0             1 
   640 x[13,40]     *              0             0             1 
   641 x[13,41]     *              0             0             1 
   642 x[13,42]     *              0             0             1 
   643 x[13,43]     *              1             0             1 
   644 x[13,44]     *              0             0             1 
   645 x[13,45]     *              0             0             1 
   646 x[13,46]     *              0             0             1 
   647 x[13,47]     *              0             0             1 
   648 x[13,48]     *              0             0             1 
   649 x[13,49]     *              0             0             1 
   650 x[13,50]     *              0             0             1 
   651 x[14,1]      *              0             0             1 
   652 x[14,2]      *              0             0             1 
   653 x[14,3]      *              0             0             1 
   654 x[14,4]      *              0             0             1 
   655 x[14,5]      *              1             0             1 
   656 x[14,6]      *              0             0             1 
   657 x[14,7]      *              0             0             1 
   658 x[14,8]      *              0             0             1 
   659 x[14,9]      *              0             0             1 
   660 x[14,10]     *              0             0             1 
   661 x[14,11]     *              1             0             1 
   662 x[14,12]     *              0             0             1 
   663 x[14,13]     *              0             0             1 
   664 x[14,14]     *              0             0             1 
   665 x[14,15]     *              0             0             1 
   666 x[14,16]     *              0             0             1 
   667 x[14,17]     *              0             0             1 
   668 x[14,18]     *              0             0             1 
   669 x[14,19]     *              0             0             1 
   670 x[14,20]     *              0             0             1 
   671 x[14,21]     *              0             0             1 
   672 x[14,22]     *              0             0             1 
   673 x[14,23]     *              0             0             1 
   674 x[14,24]     *              0             0             1 
   675 x[14,25]     *              1             0             1 
   676 x[14,26]     *              0             0             1 
   677 x[14,27]     *              0             0             1 
   678 x[14,28]     *              0             0             1 
   679 x[14,29]     *              0             0             1 
   680 x[14,30]     *              0             0             1 
   681 x[14,31]     *              0             0             1 
   682 x[14,32]     *              0             0             1 
   683 x[14,33]     *              0             0             1 
   684 x[14,34]     *              0             0             1 
   685 x[14,35]     *              0             0             1 
   686 x[14,36]     *              0             0             1 
   687 x[14,37]     *              0             0             1 
   688 x[14,38]     *              0             0             1 
   689 x[14,39]     *              0             0             1 
   690 x[14,40]     *              0             0             1 
   691 x[14,41]     *              0             0             1 
   692 x[14,42]     *              0             0             1 
   693 x[14,43]     *              0             0             1 
   694 x[14,44]     *              0             0             1 
   695 x[14,45]     *              0             0             1 
   696 x[14,46]     *              0             0             1 
   697 x[14,47]     *              0             0             1 
   698 x[14,48]     *              0             0             1 
   699 x[14,49]     *              0             0             1 
   700 x[14,50]     *              0             0             1 
   701 x[15,1]      *              0             0             1 
   702 x[15,2]      *              0             0             1 
   703 x[15,3]      *              0             0             1 
   704 x[15,4]      *              0             0             1 
   705 x[15,5]      *              0             0             1 
   706 x[15,6]      *              0             0             1 
   707 x[15,7]      *              0             0             1 
   708 x[15,8]      *              0             0             1 
   709 x[15,9]      *              1             0             1 
   710 x[15,10]     *              0             0             1 
   711 x[15,11]     *              0             0             1 
   712 x[15,12]     *              0             0             1 
   713 x[15,13]     *              0             0             1 
   714 x[15,14]     *              0             0             1 
   715 x[15,15]     *              0             0             1 
   716 x[15,16]     *              0             0             1 
   717 x[15,17]     *              0             0             1 
   718 x[15,18]     *              0             0             1 
   719 x[15,19]     *              0             0             1 
   720 x[15,20]     *              0             0             1 
   721 x[15,21]     *              0             0             1 
   722 x[15,22]     *              0             0             1 
   723 x[15,23]     *              0             0             1 
   724 x[15,24]     *              0             0             1 
   725 x[15,25]     *              0             0             1 
   726 x[15,26]     *              0             0             1 
   727 x[15,27]     *              0             0             1 
   728 x[15,28]     *              0             0             1 
   729 x[15,29]     *              0             0             1 
   730 x[15,30]     *              0             0             1 
   731 x[15,31]     *              0             0             1 
   732 x[15,32]     *              0             0             1 
   733 x[15,33]     *              0             0             1 
   734 x[15,34]     *              0             0             1 
   735 x[15,35]     *              0             0             1 
   736 x[15,36]     *              0             0             1 
   737 x[15,37]     *              0             0             1 
   738 x[15,38]     *              0             0             1 
   739 x[15,39]     *              1             0             1 
   740 x[15,40]     *              0             0             1 
   741 x[15,41]     *              0             0             1 
   742 x[15,42]     *              0             0             1 
   743 x[15,43]     *              0             0             1 
   744 x[15,44]     *              0             0             1 
   745 x[15,45]     *              0             0             1 
   746 x[15,46]     *              0             0             1 
   747 x[15,47]     *              0             0             1 
   748 x[15,48]     *              0             0             1 
   749 x[15,49]     *              1             0             1 
   750 x[15,50]     *              0             0             1 
   751 x[16,1]      *              0             0             1 
   752 x[16,2]      *              0             0             1 
   753 x[16,3]      *              0             0             1 
   754 x[16,4]      *              0             0             1 
   755 x[16,5]      *              0             0             1 
   756 x[16,6]      *              0             0             1 
   757 x[16,7]      *              0             0             1 
   758 x[16,8]      *              0             0             1 
   759 x[16,9]      *              0             0             1 
   760 x[16,10]     *              0             0             1 
   761 x[16,11]     *              0             0             1 
   762 x[16,12]     *              0             0             1 
   763 x[16,13]     *              0             0             1 
   764 x[16,14]     *              0             0             1 
   765 x[16,15]     *              0             0             1 
   766 x[16,16]     *              0             0             1 
   767 x[16,17]     *              0             0             1 
   768 x[16,18]     *              0             0             1 
   769 x[16,19]     *              0             0             1 
   770 x[16,20]     *              0             0             1 
   771 x[16,21]     *              0             0             1 
   772 x[16,22]     *              0             0             1 
   773 x[16,23]     *              0             0             1 
   774 x[16,24]     *              0             0             1 
   775 x[16,25]     *              0             0             1 
   776 x[16,26]     *              0             0             1 
   777 x[16,27]     *              1             0             1 
   778 x[16,28]     *              0             0             1 
   779 x[16,29]     *              0             0             1 
   780 x[16,30]     *              1             0             1 
   781 x[16,31]     *              0             0             1 
   782 x[16,32]     *              0             0             1 
   783 x[16,33]     *              0             0             1 
   784 x[16,34]     *              0             0             1 
   785 x[16,35]     *              0             0             1 
   786 x[16,36]     *              0             0             1 
   787 x[16,37]     *              0             0             1 
   788 x[16,38]     *              0             0             1 
   789 x[16,39]     *              0             0             1 
   790 x[16,40]     *              0             0             1 
   791 x[16,41]     *              0             0             1 
   792 x[16,42]     *              0             0             1 
   793 x[16,43]     *              0             0             1 
   794 x[16,44]     *              0             0             1 
   795 x[16,45]     *              1             0             1 
   796 x[16,46]     *              1             0             1 
   797 x[16,47]     *              0             0             1 
   798 x[16,48]     *              0             0             1 
   799 x[16,49]     *              0             0             1 
   800 x[16,50]     *              0             0             1 
   801 x[17,1]      *              0             0             1 
   802 x[17,2]      *              0             0             1 
   803 x[17,3]      *              0             0             1 
   804 x[17,4]      *              0             0             1 
   805 x[17,5]      *              0             0             1 
   806 x[17,6]      *              0             0             1 
   807 x[17,7]      *              0             0             1 
   808 x[17,8]      *              0             0             1 
   809 x[17,9]      *              0             0             1 
   810 x[17,10]     *              0             0             1 
   811 x[17,11]     *              0             0             1 
   812 x[17,12]     *              0             0             1 
   813 x[17,13]     *              0             0             1 
   814 x[17,14]     *              0             0             1 
   815 x[17,15]     *              0             0             1 
   816 x[17,16]     *              0             0             1 
   817 x[17,17]     *              0             0             1 
   818 x[17,18]     *              0             0             1 
   819 x[17,19]     *              0             0             1 
   820 x[17,20]     *              0             0             1 
   821 x[17,21]     *              0             0             1 
   822 x[17,22]     *              0             0             1 
   823 x[17,23]     *              0             0             1 
   824 x[17,24]     *              0             0             1 
   825 x[17,25]     *              0             0             1 
   826 x[17,26]     *              0             0             1 
   827 x[17,27]     *              0             0             1 
   828 x[17,28]     *              0             0             1 
   829 x[17,29]     *              1             0             1 
   830 x[17,30]     *              0             0             1 
   831 x[17,31]     *              1             0             1 
   832 x[17,32]     *              0             0             1 
   833 x[17,33]     *              0             0             1 
   834 x[17,34]     *              0             0             1 
   835 x[17,35]     *              0             0             1 
   836 x[17,36]     *              0             0             1 
   837 x[17,37]     *              0             0             1 
   838 x[17,38]     *              0             0             1 
   839 x[17,39]     *              0             0             1 
   840 x[17,40]     *              0             0             1 
   841 x[17,41]     *              0             0             1 
   842 x[17,42]     *              0             0             1 
   843 x[17,43]     *              0             0             1 
   844 x[17,44]     *              1             0             1 
   845 x[17,45]     *              0             0             1 
   846 x[17,46]     *              0             0             1 
   847 x[17,47]     *              0             0             1 
   848 x[17,48]     *              0             0             1 
   849 x[17,49]     *              0             0             1 
   850 x[17,50]     *              0             0             1 
   851 x[18,1]      *              0             0             1 
   852 x[18,2]      *              1             0             1 
   853 x[18,3]      *              0             0             1 
   854 x[18,4]      *              0             0             1 
   855 x[18,5]      *              0             0             1 
   856 x[18,6]      *              1             0             1 
   857 x[18,7]      *              0             0             1 
   858 x[18,8]      *              0             0             1 
   859 x[18,9]      *              0             0             1 
   860 x[18,10]     *              0             0             1 
   861 x[18,11]     *              0             0             1 
   862 x[18,12]     *              0             0             1 
   863 x[18,13]     *              0             0             1 
   864 x[18,14]     *              0             0             1 
   865 x[18,15]     *              0             0             1 
   866 x[18,16]     *              0             0             1 
   867 x[18,17]     *              1             0             1 
   868 x[18,18]     *              0             0             1 
   869 x[18,19]     *              0             0             1 
   870 x[18,20]     *              0             0             1 
   871 x[18,21]     *              0             0             1 
   872 x[18,22]     *              0             0             1 
   873 x[18,23]     *              0             0             1 
   874 x[18,24]     *              0             0             1 
   875 x[18,25]     *              0             0             1 
   876 x[18,26]     *              0             0             1 
   877 x[18,27]     *              0             0             1 
   878 x[18,28]     *              0             0             1 
   879 x[18,29]     *              0             0             1 
   880 x[18,30]     *              0             0             1 
   881 x[18,31]     *              0             0             1 
   882 x[18,32]     *              0             0             1 
   883 x[18,33]     *              0             0             1 
   884 x[18,34]     *              0             0             1 
   885 x[18,35]     *              0             0             1 
   886 x[18,36]     *              1             0             1 
   887 x[18,37]     *              0             0             1 
   888 x[18,38]     *              0             0             1 
   889 x[18,39]     *              0             0             1 
   890 x[18,40]     *              0             0             1 
   891 x[18,41]     *              0             0             1 
   892 x[18,42]     *              0             0             1 
   893 x[18,43]     *              0             0             1 
   894 x[18,44]     *              0             0             1 
   895 x[18,45]     *              0             0             1 
   896 x[18,46]     *              0             0             1 
   897 x[18,47]     *              0             0             1 
   898 x[18,48]     *              0             0             1 
   899 x[18,49]     *              0             0             1 
   900 x[18,50]     *              0             0             1 
   901 x[19,1]      *              0             0             1 
   902 x[19,2]      *              0             0             1 
   903 x[19,3]      *              0             0             1 
   904 x[19,4]      *              0             0             1 
   905 x[19,5]      *              0             0             1 
   906 x[19,6]      *              0             0             1 
   907 x[19,7]      *              0             0             1 
   908 x[19,8]      *              0             0             1 
   909 x[19,9]      *              0             0             1 
   910 x[19,10]     *              0             0             1 
   911 x[19,11]     *              0             0             1 
   912 x[19,12]     *              0             0             1 
   913 x[19,13]     *              0             0             1 
   914 x[19,14]     *              0             0             1 
   915 x[19,15]     *              0             0             1 
   916 x[19,16]     *              0             0             1 
   917 x[19,17]     *              0             0             1 
   918 x[19,18]     *              1             0             1 
   919 x[19,19]     *              0             0             1 
   920 x[19,20]     *              0             0             1 
   921 x[19,21]     *              0             0             1 
   922 x[19,22]     *              0             0             1 
   923 x[19,23]     *              0             0             1 
   924 x[19,24]     *              0             0             1 
   925 x[19,25]     *              0             0             1 
   926 x[19,26]     *              0             0             1 
   927 x[19,27]     *              0             0             1 
   928 x[19,28]     *              0             0             1 
   929 x[19,29]     *              0             0             1 
   930 x[19,30]     *              0             0             1 
   931 x[19,31]     *              0             0             1 
   932 x[19,32]     *              0             0             1 
   933 x[19,33]     *              1             0             1 
   934 x[19,34]     *              0             0             1 
   935 x[19,35]     *              0             0             1 
   936 x[19,36]     *              0             0             1 
   937 x[19,37]     *              0             0             1 
   938 x[19,38]     *              0             0             1 
   939 x[19,39]     *              0             0             1 
   940 x[19,40]     *              0             0             1 
   941 x[19,41]     *              0             0             1 
   942 x[19,42]     *              1             0             1 
   943 x[19,43]     *              0             0             1 
   944 x[19,44]     *              0             0             1 
   945 x[19,45]     *              0             0             1 
   946 x[19,46]     *              0             0             1 
   947 x[19,47]     *              0             0             1 
   948 x[19,48]     *              0             0             1 
   949 x[19,49]     *              0             0             1 
   950 x[19,50]     *              0             0             1 
   951 x[20,1]      *              0             0             1 
   952 x[20,2]      *              0             0             1 
   953 x[20,3]      *              0             0             1 
   954 x[20,4]      *              0             0             1 
   955 x[20,5]      *              0             0             1 
   956 x[20,6]      *              0             0             1 
   957 x[20,7]      *              0             0             1 
   958 x[20,8]      *              0             0             1 
   959 x[20,9]      *              0             0             1 
   960 x[20,10]     *              0             0             1 
   961 x[20,11]     *              0             0             1 
   962 x[20,12]     *              0             0             1 
   963 x[20,13]     *              0             0             1 
   964 x[20,14]     *              0             0             1 
   965 x[20,15]     *              0             0             1 
   966 x[20,16]     *              0             0             1 
   967 x[20,17]     *              0             0             1 
   968 x[20,18]     *              0             0             1 
   969 x[20,19]     *              0             0             1 
   970 x[20,20]     *              0             0             1 
   971 x[20,21]     *              0             0             1 
   972 x[20,22]     *              0             0             1 
   973 x[20,23]     *              0             0             1 
   974 x[20,24]     *              0             0             1 
   975 x[20,25]     *              0             0             1 
   976 x[20,26]     *              0             0             1 
   977 x[20,27]     *              0             0             1 
   978 x[20,28]     *              0             0             1 
   979 x[20,29]     *              0             0             1 
   980 x[20,30]     *              0             0             1 
   981 x[20,31]     *              0             0             1 
   982 x[20,32]     *              0             0             1 
   983 x[20,33]     *              0             0             1 
   984 x[20,34]     *              0             0             1 
   985 x[20,35]     *              0             0             1 
   986 x[20,36]     *              0             0             1 
   987 x[20,37]     *              0             0             1 
   988 x[20,38]     *              0             0             1 
   989 x[20,39]     *              0             0             1 
   990 x[20,40]     *              0             0             1 
   991 x[20,41]     *              0             0             1 
   992 x[20,42]     *              0             0             1 
   993 x[20,43]     *              0             0             1 
   994 x[20,44]     *              0             0             1 
   995 x[20,45]     *              0             0             1 
   996 x[20,46]     *              0             0             1 
   997 x[20,47]     *              0             0             1 
   998 x[20,48]     *              0             0             1 
   999 x[20,49]     *              0             0             1 
  1000 x[20,50]     *              0             0             1 
  1001 y[1]         *              0             0             1 
  1002 y[2]         *              0             0             1 
  1003 y[3]         *              1             0             1 
  1004 y[4]         *              1             0             1 
  1005 y[5]         *              1             0             1 
  1006 y[6]         *              1             0             1 
  1007 y[7]         *              1             0             1 
  1008 y[8]         *              0             0             1 
  1009 y[9]         *              1             0             1 
  1010 y[10]        *              1             0             1 
  1011 y[11]        *              1             0             1 
  1012 y[12]        *              1             0             1 
  1013 y[13]        *              1             0             1 
  1014 y[14]        *              1             0             1 
  1015 y[15]        *              1             0             1 
  1016 y[16]        *              1             0             1 
  1017 y[17]        *              1             0             1 
  1018 y[18]        *              1             0             1 
  1019 y[19]        *              1             0             1 
  1020 y[20]        *              0             0             1 

Integer feasibility conditions:

KKT.PE: max.abs.err = 0.00e+00 on row 0
        max.rel.err = 0.00e+00 on row 0
        High quality

KKT.PB: max.abs.err = 0.00e+00 on row 0
        max.rel.err = 0.00e+00 on row 0
        High quality

End of output
