Problem:    PROD1_HJRL
Rows:       368
Columns:    169 (66 integer, 48 binary)
Non-zeros:  1128
Status:     INTEGER UNDEFINED
Objective:  FO = 0 (MINimum)

   No.   Row name        Activity     Lower bound   Upper bound
------ ------------    ------------- ------------- -------------
     1 FO                          0                             
     2 r1                          0            -0             = 
     3 r2                          0            -0             = 
     4 r3                          0            -0             = 
     5 r4                          0            -0             = 
     6 r5                          0            -0             = 
     7 r6                          0            -0             = 
     8 r7                          0            -0             = 
     9 r8                          0            -0             = 
    10 r9                          0            -0             = 
    11 r10                         0            -0             = 
    12 res1                        0          4200             = 
    13 res2                        0            80             = 
    14 res222                      0            -0             = 
    15 res3[1]                     0            -0               
    16 res3[2]                     0            -0               
    17 res3[3]                     0            -0               
    18 res3[4]                     0            -0               
    19 res3[5]                     0            -0               
    20 res3[6]                     0            -0               
    21 res4[1]                     0         84300             = 
    22 res4[2]                     0         84193             = 
    23 res4[3]                     0         83977             = 
    24 res4[4]                     0         82039             = 
    25 res4[5]                     0         81524             = 
    26 res4[6]                     0         82984             = 
    27 res5[1]                     0            -0               
    28 res5[2]                     0            -0               
    29 res5[3]                     0            -0               
    30 res5[4]                     0            -0               
    31 res5[5]                     0            -0               
    32 res5[6]                     0            -0               
    33 res555[1]                   0                           1 
    34 res555[2]                   0                           1 
    35 res555[3]                   0                           1 
    36 res555[4]                   0                           1 
    37 res555[5]                   0                           1 
    38 res555[6]                   0                           1 
    39 res7[1]                     0                       10000 
    40 res7[2]                     0                       10000 
    41 res7[3]                     0                       10000 
    42 res7[4]                     0                       10000 
    43 res7[5]                     0                       10000 
    44 res7[6]                     0                       10000 
    45 res8[1]                     0            -0               
    46 res8[2]                     0            -0               
    47 res8[3]                     0            -0               
    48 res8[4]                     0            -0               
    49 res8[5]                     0            -0               
    50 res8[6]                     0            -0               
    51 res9[1]                     0                       10000 
    52 res9[2]                     0                       10000 
    53 res9[3]                     0                       10000 
    54 res9[4]                     0                       10000 
    55 res9[5]                     0                       10000 
    56 res9[6]                     0                       10000 
    57 res10[1]                    0            -0               
    58 res10[2]                    0            -0               
    59 res10[3]                    0            -0               
    60 res10[4]                    0            -0               
    61 res10[5]                    0            -0               
    62 res10[6]                    0            -0               
    63 res11[1]                    0                       20000 
    64 res11[2]                    0                       20000 
    65 res11[3]                    0                       20000 
    66 res11[4]                    0                       20000 
    67 res11[5]                    0                       20000 
    68 res11[6]                    0                       20000 
    69 res12[1]                    0                       10000 
    70 res12[2]                    0                       10000 
    71 res12[3]                    0                       10000 
    72 res12[4]                    0                       10000 
    73 res12[5]                    0                       10000 
    74 res12[6]                    0                       10000 
    75 res13[1]                    0                       10000 
    76 res13[2]                    0                       10000 
    77 res13[3]                    0                       10000 
    78 res13[4]                    0                       10000 
    79 res13[5]                    0                       10000 
    80 res13[6]                    0                       10000 
    81 res14[1]                    0                          -0 
    82 res14[2]                    0                          -0 
    83 res14[3]                    0                          -0 
    84 res14[4]                    0                          -0 
    85 res14[5]                    0                          -0 
    86 res14[6]                    0                          -0 
    87 res15[1]                    0        -20000               
    88 res15[2]                    0        -20000               
    89 res15[3]                    0        -20000               
    90 res15[4]                    0        -20000               
    91 res15[5]                    0        -20000               
    92 res15[6]                    0        -20000               
    93 res16[1]                    0        -10000               
    94 res16[2]                    0        -10000               
    95 res16[3]                    0        -10000               
    96 res16[4]                    0        -10000               
    97 res16[5]                    0        -10000               
    98 res16[6]                    0        -10000               
    99 res17[1]                    0        -10000               
   100 res17[2]                    0        -10000               
   101 res17[3]                    0        -10000               
   102 res17[4]                    0        -10000               
   103 res17[5]                    0        -10000               
   104 res17[6]                    0        -10000               
   105 res18[1]                    0            -0               
   106 res18[2]                    0            -0               
   107 res18[3]                    0            -0               
   108 res18[4]                    0            -0               
   109 res18[5]                    0            -0               
   110 res18[6]                    0            -0               
   111 res19[1]                    0            -0             = 
   112 res19[2]                    0            -0             = 
   113 res19[3]                    0            -0             = 
   114 res19[4]                    0            -0             = 
   115 res19[5]                    0            -0             = 
   116 res19[6]                    0            -0             = 
   117 res20[1]                    0                        9890 
   118 res20[2]                    0                        9890 
   119 res20[3]                    0                        9890 
   120 res20[4]                    0                        9890 
   121 res20[5]                    0                        9890 
   122 res20[6]                    0                        9890 
   123 res21[1]                    0          -110               
   124 res21[2]                    0          -110               
   125 res21[3]                    0          -110               
   126 res21[4]                    0          -110               
   127 res21[5]                    0          -110               
   128 res21[6]                    0          -110               
   129 res22[1]                    0                       10110 
   130 res22[2]                    0                       10110 
   131 res22[3]                    0                       10110 
   132 res22[4]                    0                       10110 
   133 res22[5]                    0                       10110 
   134 res22[6]                    0                       10110 
   135 res23[1]                    0                          -0 
   136 res23[2]                    0                          -0 
   137 res23[3]                    0                          -0 
   138 res23[4]                    0                          -0 
   139 res23[5]                    0                          -0 
   140 res23[6]                    0                          -0 
   141 res24[1]                    0         -9890               
   142 res24[2]                    0         -9890               
   143 res24[3]                    0         -9890               
   144 res24[4]                    0         -9890               
   145 res24[5]                    0         -9890               
   146 res24[6]                    0         -9890               
   147 res25[1]                    0            -0               
   148 res25[2]                    0            -0               
   149 res25[3]                    0            -0               
   150 res25[4]                    0            -0               
   151 res25[5]                    0            -0               
   152 res25[6]                    0            -0               
   153 res26[1]                    0                       10000 
   154 res26[2]                    0                       10000 
   155 res26[3]                    0                       10000 
   156 res26[4]                    0                       10000 
   157 res26[5]                    0                       10000 
   158 res26[6]                    0                       10000 
   159 res27[1]                    0            -0               
   160 res27[2]                    0            -0               
   161 res27[3]                    0            -0               
   162 res27[4]                    0            -0               
   163 res27[5]                    0            -0               
   164 res27[6]                    0            -0               
   165 res28[1]                    0                       10000 
   166 res28[2]                    0                       10000 
   167 res28[3]                    0                       10000 
   168 res28[4]                    0                       10000 
   169 res28[5]                    0                       10000 
   170 res28[6]                    0                       10000 
   171 res29[1]                    0                          -0 
   172 res29[2]                    0                          -0 
   173 res29[3]                    0                          -0 
   174 res29[4]                    0                          -0 
   175 res29[5]                    0                          -0 
   176 res29[6]                    0                          -0 
   177 res30[1]                    0        -10000               
   178 res30[2]                    0        -10000               
   179 res30[3]                    0        -10000               
   180 res30[4]                    0        -10000               
   181 res30[5]                    0        -10000               
   182 res30[6]                    0        -10000               
   183 res31[1]                    0            -0               
   184 res31[2]                    0            -0               
   185 res31[3]                    0            -0               
   186 res31[4]                    0            -0               
   187 res31[5]                    0            -0               
   188 res31[6]                    0            -0               
   189 res32[1]                    0            -0             = 
   190 res32[2]                    0            -0             = 
   191 res32[3]                    0            -0             = 
   192 res32[4]                    0            -0             = 
   193 res32[5]                    0            -0             = 
   194 res32[6]                    0            -0             = 
   195 res33[1]                    0                          -0 
   196 res33[2]                    0                          -0 
   197 res33[3]                    0                          -0 
   198 res33[4]                    0                          -0 
   199 res33[5]                    0                          -0 
   200 res33[6]                    0                          -0 
   201 res34[1]                    0            -0             = 
   202 res34[2]                    0            -0             = 
   203 res34[3]                    0            -0             = 
   204 res34[4]                    0            -0             = 
   205 res34[5]                    0            -0             = 
   206 res34[6]                    0            -0             = 
   207 res35[1]                    0            -0             = 
   208 res35[2]                    0            -0             = 
   209 res35[3]                    0            -0             = 
   210 res35[4]                    0            -0             = 
   211 res35[5]                    0            -0             = 
   212 res35[6]                    0            -0             = 
   213 res36[1]                    0            -0             = 
   214 res36[2]                    0            -0             = 
   215 res36[3]                    0            -0             = 
   216 res36[4]                    0            -0             = 
   217 res36[5]                    0            -0             = 
   218 res36[6]                    0            -0             = 
   219 res37[1]                    0            -0             = 
   220 res37[2]                    0            -0             = 
   221 res37[3]                    0            -0             = 
   222 res37[4]                    0            -0             = 
   223 res37[5]                    0            -0             = 
   224 res37[6]                    0            -0             = 
   225 res38[1]                    0                       10000 
   226 res38[2]                    0                       10000 
   227 res38[3]                    0                       10000 
   228 res38[4]                    0                       10000 
   229 res38[5]                    0                       10000 
   230 res38[6]                    0                       10000 
   231 res39[1]                    0            -0               
   232 res39[2]                    0            -0               
   233 res39[3]                    0            -0               
   234 res39[4]                    0            -0               
   235 res39[5]                    0            -0               
   236 res39[6]                    0            -0               
   237 res40[1]                    0                       1e+06 
   238 res40[2]                    0                       1e+06 
   239 res40[3]                    0                       1e+06 
   240 res40[4]                    0                       1e+06 
   241 res40[5]                    0                       1e+06 
   242 res40[6]                    0                       1e+06 
   243 res41[1]                    0                          -0 
   244 res41[2]                    0                          -0 
   245 res41[3]                    0                          -0 
   246 res41[4]                    0                          -0 
   247 res41[5]                    0                          -0 
   248 res41[6]                    0                          -0 
   249 res42[1]                    0        -1e+06               
   250 res42[2]                    0        -1e+06               
   251 res42[3]                    0        -1e+06               
   252 res42[4]                    0        -1e+06               
   253 res42[5]                    0        -1e+06               
   254 res42[6]                    0        -1e+06               
   255 res43[1]                    0            -0               
   256 res43[2]                    0            -0               
   257 res43[3]                    0            -0               
   258 res43[4]                    0            -0               
   259 res43[5]                    0            -0               
   260 res43[6]                    0            -0               
   261 res46[1]                    0                          -0 
   262 res46[2]                    0                          -0 
   263 res46[3]                    0                          -0 
   264 res46[4]                    0                          -0 
   265 res46[5]                    0                          -0 
   266 res46[6]                    0                          -0 
   267 res47[1]                    0                       1e+06 
   268 res47[2]                    0                       1e+06 
   269 res47[3]                    0                       1e+06 
   270 res47[4]                    0                       1e+06 
   271 res47[5]                    0                       1e+06 
   272 res47[6]                    0                       1e+06 
   273 res48[1]                    0            -0               
   274 res48[2]                    0            -0               
   275 res48[3]                    0            -0               
   276 res48[4]                    0            -0               
   277 res48[5]                    0            -0               
   278 res48[6]                    0            -0               
   279 res49[1]                    0        -1e+06               
   280 res49[2]                    0        -1e+06               
   281 res49[3]                    0        -1e+06               
   282 res49[4]                    0        -1e+06               
   283 res49[5]                    0        -1e+06               
   284 res49[6]                    0        -1e+06               
   285 res50[1]                    0                          -0 
   286 res50[2]                    0                          -0 
   287 res50[3]                    0                          -0 
   288 res50[4]                    0                          -0 
   289 res50[5]                    0                          -0 
   290 res50[6]                    0                          -0 
   291 res51[1]                    0            -0               
   292 res51[2]                    0            -0               
   293 res51[3]                    0            -0               
   294 res51[4]                    0            -0               
   295 res51[5]                    0            -0               
   296 res51[6]                    0            -0               
   297 res52[1]                    0                    1.08e+06 
   298 res52[2]                    0                    1.08e+06 
   299 res52[3]                    0                    1.08e+06 
   300 res52[4]                    0                    1.08e+06 
   301 res52[5]                    0                    1.08e+06 
   302 res52[6]                    0                    1.08e+06 
   303 res53[1]                    0         80000               
   304 res53[2]                    0         80000               
   305 res53[3]                    0         80000               
   306 res53[4]                    0         80000               
   307 res53[5]                    0         80000               
   308 res53[6]                    0         80000               
   309 res54[1]                    0                       1e+09 
   310 res54[2]                    0                       1e+09 
   311 res54[3]                    0                       1e+09 
   312 res54[4]                    0                       1e+09 
   313 res54[5]                    0                       1e+09 
   314 res54[6]                    0                       1e+09 
   315 res55[1]                    0                          -0 
   316 res55[2]                    0                          -0 
   317 res55[3]                    0                          -0 
   318 res55[4]                    0                          -0 
   319 res55[5]                    0                          -0 
   320 res55[6]                    0                          -0 
   321 res56[1]                    0        -1e+09               
   322 res56[2]                    0        -1e+09               
   323 res56[3]                    0        -1e+09               
   324 res56[4]                    0        -1e+09               
   325 res56[5]                    0        -1e+09               
   326 res56[6]                    0        -1e+09               
   327 res57[1]                    0            -0               
   328 res57[2]                    0            -0               
   329 res57[3]                    0            -0               
   330 res57[4]                    0            -0               
   331 res57[5]                    0            -0               
   332 res57[6]                    0            -0               
   333 res58[1]                    0                      103000 
   334 res58[2]                    0                      103000 
   335 res58[3]                    0                      103000 
   336 res58[4]                    0                      103000 
   337 res58[5]                    0                      103000 
   338 res58[6]                    0                      103000 
   339 res59[1]                    0          3000               
   340 res59[2]                    0          3000               
   341 res59[3]                    0          3000               
   342 res59[4]                    0          3000               
   343 res59[5]                    0          3000               
   344 res59[6]                    0          3000               
   345 res60[1]                    0                     -450000 
   346 res60[2]                    0                     -450000 
   347 res60[3]                    0                     -450000 
   348 res60[4]                    0                     -450000 
   349 res60[5]                    0                     -450000 
   350 res60[6]                    0                     -450000 
   351 res61[1]                    0                       1e+09 
   352 res61[2]                    0                       1e+09 
   353 res61[3]                    0                       1e+09 
   354 res61[4]                    0                       1e+09 
   355 res61[5]                    0                       1e+09 
   356 res61[6]                    0                       1e+09 
   357 res62[1]                    0       -450000               
   358 res62[2]                    0       -450000               
   359 res62[3]                    0       -450000               
   360 res62[4]                    0       -450000               
   361 res62[5]                    0       -450000               
   362 res62[6]                    0       -450000               
   363 res63[1]                    0        -1e+09               
   364 res63[2]                    0        -1e+09               
   365 res63[3]                    0        -1e+09               
   366 res63[4]                    0        -1e+09               
   367 res63[5]                    0        -1e+09               
   368 res63[6]                    0        -1e+09               

   No. Column name       Activity     Lower bound   Upper bound
------ ------------    ------------- ------------- -------------
     1 Req_Prod[1]                 0             0               
     2 Req_Prod[2]                 0             0               
     3 Req_Prod[3]                 0             0               
     4 Req_Prod[4]                 0             0               
     5 Req_Prod[5]                 0             0               
     6 Req_Prod[6]                 0             0               
     7 W_Estimado[1]
                    *              0             0               
     8 W_Estimado[2]
                    *              0             0               
     9 W_Estimado[3]
                    *              0             0               
    10 W_Estimado[4]
                    *              0             0               
    11 W_Estimado[5]
                    *              0             0               
    12 W_Estimado[6]
                    *              0             0               
    13 W_100[1]                    0             0               
    14 W_100[2]                    0             0               
    15 W_100[3]                    0             0               
    16 W_100[4]                    0             0               
    17 W_100[5]                    0             0               
    18 W_100[6]                    0             0               
    19 H_Estimado[1]
                                   0             0               
    20 H_Estimado[2]
                                   0             0               
    21 H_Estimado[3]
                                   0             0               
    22 H_Estimado[4]
                                   0             0               
    23 H_Estimado[5]
                                   0             0               
    24 H_Estimado[6]
                                   0             0               
    25 H_Real[1]                   0             0               
    26 H_Real[2]                   0             0               
    27 H_Real[3]                   0             0               
    28 H_Real[4]                   0             0               
    29 H_Real[5]                   0             0               
    30 H_Real[6]                   0             0               
    31 F_Estimado[1]
                                   0             0               
    32 F_Estimado[2]
                                   0             0               
    33 F_Estimado[3]
                                   0             0               
    34 F_Estimado[4]
                                   0             0               
    35 F_Estimado[5]
                                   0             0               
    36 F_Estimado[6]
                                   0             0               
    37 F_Real[1]                   0             0               
    38 F_Real[2]                   0             0               
    39 F_Real[3]                   0             0               
    40 F_Real[4]                   0             0               
    41 F_Real[5]                   0             0               
    42 F_Real[6]                   0             0               
    43 W_Real[1]                   0             0               
    44 W_Real[2]                   0             0               
    45 W_Real[3]                   0             0               
    46 W_Real[4]                   0             0               
    47 W_Real[5]                   0             0               
    48 W_Real[6]                   0             0               
    49 W_Real[0]                   0             0               
    50 W_Extras[1]  *              0             0               
    51 W_Extras[2]  *              0             0               
    52 W_Extras[3]  *              0             0               
    53 W_Extras[4]  *              0             0               
    54 W_Extras[5]  *              0             0               
    55 W_Extras[6]  *              0             0               
    56 P_Antiguos[1]
                                   0             0               
    57 P_Antiguos[2]
                                   0             0               
    58 P_Antiguos[3]
                                   0             0               
    59 P_Antiguos[4]
                                   0             0               
    60 P_Antiguos[5]
                                   0             0               
    61 P_Antiguos[6]
                                   0             0               
    62 P_Contratados[1]
                                   0             0               
    63 P_Contratados[2]
                                   0             0               
    64 P_Contratados[3]
                                   0             0               
    65 P_Contratados[4]
                                   0             0               
    66 P_Contratados[5]
                                   0             0               
    67 P_Contratados[6]
                                   0             0               
    68 P_Extras[1]                 0             0               
    69 P_Extras[2]                 0             0               
    70 P_Extras[3]                 0             0               
    71 P_Extras[4]                 0             0               
    72 P_Extras[5]                 0             0               
    73 P_Extras[6]                 0             0               
    74 P_Total[1]                  0             0               
    75 P_Total[2]                  0             0               
    76 P_Total[3]                  0             0               
    77 P_Total[4]                  0             0               
    78 P_Total[5]                  0             0               
    79 P_Total[6]                  0             0               
    80 Desechados[1]
                    *              0             0               
    81 Desechados[2]
                    *              0             0               
    82 Desechados[3]
                    *              0             0               
    83 Desechados[4]
                    *              0             0               
    84 Desechados[5]
                    *              0             0               
    85 Desechados[6]
                    *              0             0               
    86 Faltantes[1]                0             0               
    87 Faltantes[2]                0             0               
    88 Faltantes[3]                0             0               
    89 Faltantes[4]                0             0               
    90 Faltantes[5]                0             0               
    91 Faltantes[6]                0             0               
    92 Faltantes[0]                0             0               
    93 Inv_Final[0]                0             0               
    94 Inv_Final[1]                0             0               
    95 Inv_Final[2]                0             0               
    96 Inv_Final[3]                0             0               
    97 Inv_Final[4]                0             0               
    98 Inv_Final[5]                0             0               
    99 Inv_Final[6]                0             0               
   100 ALPHA[1]     *              0             0             1 
   101 ALPHA[2]     *              0             0             1 
   102 ALPHA[3]     *              0             0             1 
   103 ALPHA[4]     *              0             0             1 
   104 ALPHA[5]     *              0             0             1 
   105 ALPHA[6]     *              0             0             1 
   106 BETA[1]      *              0             0             1 
   107 BETA[2]      *              0             0             1 
   108 BETA[3]      *              0             0             1 
   109 BETA[4]      *              0             0             1 
   110 BETA[5]      *              0             0             1 
   111 BETA[6]      *              0             0             1 
   112 PHI[1]       *              0             0             1 
   113 PHI[2]       *              0             0             1 
   114 PHI[3]       *              0             0             1 
   115 PHI[4]       *              0             0             1 
   116 PHI[5]       *              0             0             1 
   117 PHI[6]       *              0             0             1 
   118 PSI[1]       *              0             0             1 
   119 PSI[2]       *              0             0             1 
   120 PSI[3]       *              0             0             1 
   121 PSI[4]       *              0             0             1 
   122 PSI[5]       *              0             0             1 
   123 PSI[6]       *              0             0             1 
   124 MIU[1]       *              0             0             1 
   125 MIU[2]       *              0             0             1 
   126 MIU[3]       *              0             0             1 
   127 MIU[4]       *              0             0             1 
   128 MIU[5]       *              0             0             1 
   129 MIU[6]       *              0             0             1 
   130 EPSILON[1]   *              0             0             1 
   131 EPSILON[2]   *              0             0             1 
   132 EPSILON[3]   *              0             0             1 
   133 EPSILON[4]   *              0             0             1 
   134 EPSILON[5]   *              0             0             1 
   135 EPSILON[6]   *              0             0             1 
   136 GAMMA[1]     *              0             0             1 
   137 GAMMA[2]     *              0             0             1 
   138 GAMMA[3]     *              0             0             1 
   139 GAMMA[4]     *              0             0             1 
   140 GAMMA[5]     *              0             0             1 
   141 GAMMA[6]     *              0             0             1 
   142 Costo_Prod[1]
                                   0             0               
   143 Costo_Prod[2]
                                   0             0               
   144 Costo_Prod[3]
                                   0             0               
   145 Costo_Prod[4]
                                   0             0               
   146 Costo_Prod[5]
                                   0             0               
   147 Costo_Prod[6]
                                   0             0               
   148 SIGMA[1]     *              0             0             1 
   149 SIGMA[2]     *              0             0             1 
   150 SIGMA[3]     *              0             0             1 
   151 SIGMA[4]     *              0             0             1 
   152 SIGMA[5]     *              0             0             1 
   153 SIGMA[6]     *              0             0             1 
   154 Costo_Alm[1]                0             0               
   155 Costo_Alm[2]                0             0               
   156 Costo_Alm[3]                0             0               
   157 Costo_Alm[4]                0             0               
   158 Costo_Alm[5]                0             0               
   159 Costo_Alm[6]                0             0               
   160 Costo_Mano_de_Obra
                                   0             0               
   161 Costo_de_Contratar
                                   0             0               
   162 Costo_fijo_de_Contratar
                                   0             0               
   163 Costo_de_Despedir
                                   0             0               
   164 Costo_de_produccion_Extras
                                   0             0               
   165 Costo_variable_de_produccion
                                   0             0               
   166 Costo_de_Faltantes
                                   0             0               
   167 Costo_de_Almacenamiento
                                   0             0               
   168 Costo_de_Cajas_Desechadas
                                   0             0               
   169 Costo_de_Subcontratacion
                                   0             0               

Integer feasibility conditions:

KKT.PE: max.abs.err = 0.00e+00 on row 0
        max.rel.err = 0.00e+00 on row 0
        High quality

KKT.PB: max.abs.err = 4.50e+05 on row 345
        max.rel.err = 1.00e+00 on row 345
        SOLUTION IS INFEASIBLE

End of output
