Problem:    Indicadores
Rows:       704
Columns:    304 (100 integer, 100 binary)
Non-zeros:  1784
Status:     INTEGER OPTIMAL
Objective:  0 (MINimum)

   No.   Row name        Activity     Lower bound   Upper bound
------ ------------    ------------- ------------- -------------
     1 res1[1]                    15            15             = 
     2 res1[2]                     4             4             = 
     3 res1[3]                     5             5             = 
     4 res1[4]                    87            87             = 
     5 res2[1,0,1]                 1             1             = 
     6 res2[1,0,2]                 1             1             = 
     7 res2[1,0,3]                 1             1             = 
     8 res2[1,0,4]                 1             1             = 
     9 res2[1,1,0]                 1             1             = 
    10 res2[1,1,2]                 1             1             = 
    11 res2[1,1,3]                 1             1             = 
    12 res2[1,1,4]                 1             1             = 
    13 res2[1,2,0]                 1             1             = 
    14 res2[1,2,1]                 1             1             = 
    15 res2[1,2,3]                 1             1             = 
    16 res2[1,2,4]                 1             1             = 
    17 res2[1,3,0]                 1             1             = 
    18 res2[1,3,1]                 1             1             = 
    19 res2[1,3,2]                 1             1             = 
    20 res2[1,3,4]                 1             1             = 
    21 res2[1,4,0]                 1             1             = 
    22 res2[1,4,1]                 1             1             = 
    23 res2[1,4,2]                 1             1             = 
    24 res2[1,4,3]                 1             1             = 
    25 res2[2,0,1]                 1             1             = 
    26 res2[2,0,2]                 1             1             = 
    27 res2[2,0,3]                 1             1             = 
    28 res2[2,0,4]                 1             1             = 
    29 res2[2,1,0]                 1             1             = 
    30 res2[2,1,2]                 1             1             = 
    31 res2[2,1,3]                 1             1             = 
    32 res2[2,1,4]                 1             1             = 
    33 res2[2,2,0]                 1             1             = 
    34 res2[2,2,1]                 1             1             = 
    35 res2[2,2,3]                 1             1             = 
    36 res2[2,2,4]                 1             1             = 
    37 res2[2,3,0]                 1             1             = 
    38 res2[2,3,1]                 1             1             = 
    39 res2[2,3,2]                 1             1             = 
    40 res2[2,3,4]                 1             1             = 
    41 res2[2,4,0]                 1             1             = 
    42 res2[2,4,1]                 1             1             = 
    43 res2[2,4,2]                 1             1             = 
    44 res2[2,4,3]                 1             1             = 
    45 res2[3,0,1]                 1             1             = 
    46 res2[3,0,2]                 1             1             = 
    47 res2[3,0,3]                 1             1             = 
    48 res2[3,0,4]                 1             1             = 
    49 res2[3,1,0]                 1             1             = 
    50 res2[3,1,2]                 1             1             = 
    51 res2[3,1,3]                 1             1             = 
    52 res2[3,1,4]                 1             1             = 
    53 res2[3,2,0]                 1             1             = 
    54 res2[3,2,1]                 1             1             = 
    55 res2[3,2,3]                 1             1             = 
    56 res2[3,2,4]                 1             1             = 
    57 res2[3,3,0]                 1             1             = 
    58 res2[3,3,1]                 1             1             = 
    59 res2[3,3,2]                 1             1             = 
    60 res2[3,3,4]                 1             1             = 
    61 res2[3,4,0]                 1             1             = 
    62 res2[3,4,1]                 1             1             = 
    63 res2[3,4,2]                 1             1             = 
    64 res2[3,4,3]                 1             1             = 
    65 res2[4,0,1]                 1             1             = 
    66 res2[4,0,2]                 1             1             = 
    67 res2[4,0,3]                 1             1             = 
    68 res2[4,0,4]                 1             1             = 
    69 res2[4,1,0]                 1             1             = 
    70 res2[4,1,2]                 1             1             = 
    71 res2[4,1,3]                 1             1             = 
    72 res2[4,1,4]                 1             1             = 
    73 res2[4,2,0]                 1             1             = 
    74 res2[4,2,1]                 1             1             = 
    75 res2[4,2,3]                 1             1             = 
    76 res2[4,2,4]                 1             1             = 
    77 res2[4,3,0]                 1             1             = 
    78 res2[4,3,1]                 1             1             = 
    79 res2[4,3,2]                 1             1             = 
    80 res2[4,3,4]                 1             1             = 
    81 res2[4,4,0]                 1             1             = 
    82 res2[4,4,1]                 1             1             = 
    83 res2[4,4,2]                 1             1             = 
    84 res2[4,4,3]                 1             1             = 
    85 res11[1,0]                  1             1             = 
    86 res11[1,1]                  1             1             = 
    87 res11[1,2]                  1             1             = 
    88 res11[1,3]                  1             1             = 
    89 res11[1,4]                  1             1             = 
    90 res11[2,0]                  1             1             = 
    91 res11[2,1]                  1             1             = 
    92 res11[2,2]                  1             1             = 
    93 res11[2,3]                  1             1             = 
    94 res11[2,4]                  1             1             = 
    95 res11[3,0]                  1             1             = 
    96 res11[3,1]                  1             1             = 
    97 res11[3,2]                  1             1             = 
    98 res11[3,3]                  1             1             = 
    99 res11[3,4]                  1             1             = 
   100 res11[4,0]                  1             1             = 
   101 res11[4,1]                  1             1             = 
   102 res11[4,2]                  1             1             = 
   103 res11[4,3]                  1             1             = 
   104 res11[4,4]                  1             1             = 
   105 res3[1,0,0]              1110                        1111 
   106 res3[1,0,1]               0.5                        1111 
   107 res3[1,0,2]           1110.75                        1111 
   108 res3[1,0,3]            1110.5                        1111 
   109 res3[1,0,4]           1110.38                        1111 
   110 res3[1,1,0]                14                        1111 
   111 res3[1,1,1]              1110                        1111 
   112 res3[1,1,2]           1110.71                        1111 
   113 res3[1,1,3]           1110.48                        1111 
   114 res3[1,1,4]           1110.37                        1111 
   115 res3[1,2,0]               6.5                        1111 
   116 res3[1,2,1]              0.25                        1111 
   117 res3[1,2,2]              1110                        1111 
   118 res3[1,2,3]           1110.47                        1111 
   119 res3[1,2,4]           1110.36                        1111 
   120 res3[1,3,0]                 4                        1111 
   121 res3[1,3,1]          0.153846                        1111 
   122 res3[1,3,2]           1110.65                        1111 
   123 res3[1,3,3]              1110                        1111 
   124 res3[1,3,4]           1110.35                        1111 
   125 res3[1,4,0]              2.75                        1111 
   126 res3[1,4,1]         0.0714286                        1111 
   127 res3[1,4,2]           1110.63                        1111 
   128 res3[1,4,3]           1110.44                        1111 
   129 res3[1,4,4]              1110                        1111 
   130 res3[2,0,0]              1110                        1111 
   131 res3[2,0,1]            1110.4                        1111 
   132 res3[2,0,2]            1110.2                        1111 
   133 res3[2,0,3]           1110.13                        1111 
   134 res3[2,0,4]            1110.1                        1111 
   135 res3[2,1,0]                 3                        1111 
   136 res3[2,1,1]              1110                        1111 
   137 res3[2,1,2]           1110.19                        1111 
   138 res3[2,1,3]           1110.13                        1111 
   139 res3[2,1,4]            1110.1                        1111 
   140 res3[2,2,0]                 1                        1111 
   141 res3[2,2,1]           1110.33                        1111 
   142 res3[2,2,2]              1110                        1111 
   143 res3[2,2,3]           1110.13                        1111 
   144 res3[2,2,4]            1110.1                        1111 
   145 res3[2,3,0]          0.333333                        1111 
   146 res3[2,3,1]           1110.31                        1111 
   147 res3[2,3,2]           1110.17                        1111 
   148 res3[2,3,3]              1110                        1111 
   149 res3[2,3,4]           1110.09                        1111 
   150 res3[2,4,0]                 0                        1111 
   151 res3[2,4,1]           1110.29                        1111 
   152 res3[2,4,2]           1110.17                        1111 
   153 res3[2,4,3]           1110.12                        1111 
   154 res3[2,4,4]              1110                        1111 
   155 res3[3,0,0]              1110                        1111 
   156 res3[3,0,1]            1110.5                        1111 
   157 res3[3,0,2]           1110.25                        1111 
   158 res3[3,0,3]           1110.17                        1111 
   159 res3[3,0,4]           1110.13                        1111 
   160 res3[3,1,0]                 4                        1111 
   161 res3[3,1,1]              1110                        1111 
   162 res3[3,1,2]           1110.24                        1111 
   163 res3[3,1,3]           1110.16                        1111 
   164 res3[3,1,4]           1110.12                        1111 
   165 res3[3,2,0]               1.5                        1111 
   166 res3[3,2,1]           1110.42                        1111 
   167 res3[3,2,2]              1110                        1111 
   168 res3[3,2,3]           1110.16                        1111 
   169 res3[3,2,4]           1110.12                        1111 
   170 res3[3,3,0]          0.666667                        1111 
   171 res3[3,3,1]           1110.38                        1111 
   172 res3[3,3,2]           1110.22                        1111 
   173 res3[3,3,3]              1110                        1111 
   174 res3[3,3,4]           1110.12                        1111 
   175 res3[3,4,0]              0.25                        1111 
   176 res3[3,4,1]           1110.36                        1111 
   177 res3[3,4,2]           1110.21                        1111 
   178 res3[3,4,3]           1110.15                        1111 
   179 res3[3,4,4]              1110                        1111 
   180 res3[4,0,0]              1110                        1111 
   181 res3[4,0,1]               7.7                        1111 
   182 res3[4,0,2]              3.35                        1111 
   183 res3[4,0,3]               1.9                        1111 
   184 res3[4,0,4]             1.175                        1111 
   185 res3[4,1,0]                86                        1111 
   186 res3[4,1,1]              1110                        1111 
   187 res3[4,1,2]           3.14286                        1111 
   188 res3[4,1,3]           1.80645                        1111 
   189 res3[4,1,4]           1.12195                        1111 
   190 res3[4,2,0]              42.5                        1111 
   191 res3[4,2,1]              6.25                        1111 
   192 res3[4,2,2]              1110                        1111 
   193 res3[4,2,3]           1.71875                        1111 
   194 res3[4,2,4]           1.07143                        1111 
   195 res3[4,3,0]                28                        1111 
   196 res3[4,3,1]           5.69231                        1111 
   197 res3[4,3,2]           2.78261                        1111 
   198 res3[4,3,3]              1110                        1111 
   199 res3[4,3,4]           1.02326                        1111 
   200 res3[4,4,0]             20.75                        1111 
   201 res3[4,4,1]           5.21429                        1111 
   202 res3[4,4,2]             2.625                        1111 
   203 res3[4,4,3]           1.55882                        1111 
   204 res3[4,4,4]              1110                        1111 
   205 res4[1,0,0]              1110            -0               
   206 res4[1,0,1]               0.5            -0               
   207 res4[1,0,2]           1110.75            -0               
   208 res4[1,0,3]            1110.5            -0               
   209 res4[1,0,4]           1110.38            -0               
   210 res4[1,1,0]                14            -0               
   211 res4[1,1,1]              1110            -0               
   212 res4[1,1,2]           1110.71            -0               
   213 res4[1,1,3]           1110.48            -0               
   214 res4[1,1,4]           1110.37            -0               
   215 res4[1,2,0]               6.5            -0               
   216 res4[1,2,1]              0.25            -0               
   217 res4[1,2,2]              1110            -0               
   218 res4[1,2,3]           1110.47            -0               
   219 res4[1,2,4]           1110.36            -0               
   220 res4[1,3,0]                 4            -0               
   221 res4[1,3,1]          0.153846            -0               
   222 res4[1,3,2]           1110.65            -0               
   223 res4[1,3,3]              1110            -0               
   224 res4[1,3,4]           1110.35            -0               
   225 res4[1,4,0]              2.75            -0               
   226 res4[1,4,1]         0.0714286            -0               
   227 res4[1,4,2]           1110.63            -0               
   228 res4[1,4,3]           1110.44            -0               
   229 res4[1,4,4]              1110            -0               
   230 res4[2,0,0]              1110            -0               
   231 res4[2,0,1]            1110.4            -0               
   232 res4[2,0,2]            1110.2            -0               
   233 res4[2,0,3]           1110.13            -0               
   234 res4[2,0,4]            1110.1            -0               
   235 res4[2,1,0]                 3            -0               
   236 res4[2,1,1]              1110            -0               
   237 res4[2,1,2]           1110.19            -0               
   238 res4[2,1,3]           1110.13            -0               
   239 res4[2,1,4]            1110.1            -0               
   240 res4[2,2,0]                 1            -0               
   241 res4[2,2,1]           1110.33            -0               
   242 res4[2,2,2]              1110            -0               
   243 res4[2,2,3]           1110.13            -0               
   244 res4[2,2,4]            1110.1            -0               
   245 res4[2,3,0]          0.333333            -0               
   246 res4[2,3,1]           1110.31            -0               
   247 res4[2,3,2]           1110.17            -0               
   248 res4[2,3,3]              1110            -0               
   249 res4[2,3,4]           1110.09            -0               
   250 res4[2,4,0]                 0            -0               
   251 res4[2,4,1]           1110.29            -0               
   252 res4[2,4,2]           1110.17            -0               
   253 res4[2,4,3]           1110.12            -0               
   254 res4[2,4,4]              1110            -0               
   255 res4[3,0,0]              1110            -0               
   256 res4[3,0,1]            1110.5            -0               
   257 res4[3,0,2]           1110.25            -0               
   258 res4[3,0,3]           1110.17            -0               
   259 res4[3,0,4]           1110.13            -0               
   260 res4[3,1,0]                 4            -0               
   261 res4[3,1,1]              1110            -0               
   262 res4[3,1,2]           1110.24            -0               
   263 res4[3,1,3]           1110.16            -0               
   264 res4[3,1,4]           1110.12            -0               
   265 res4[3,2,0]               1.5            -0               
   266 res4[3,2,1]           1110.42            -0               
   267 res4[3,2,2]              1110            -0               
   268 res4[3,2,3]           1110.16            -0               
   269 res4[3,2,4]           1110.12            -0               
   270 res4[3,3,0]          0.666667            -0               
   271 res4[3,3,1]           1110.38            -0               
   272 res4[3,3,2]           1110.22            -0               
   273 res4[3,3,3]              1110            -0               
   274 res4[3,3,4]           1110.12            -0               
   275 res4[3,4,0]              0.25            -0               
   276 res4[3,4,1]           1110.36            -0               
   277 res4[3,4,2]           1110.21            -0               
   278 res4[3,4,3]           1110.15            -0               
   279 res4[3,4,4]              1110            -0               
   280 res4[4,0,0]              1110            -0               
   281 res4[4,0,1]               7.7            -0               
   282 res4[4,0,2]              3.35            -0               
   283 res4[4,0,3]               1.9            -0               
   284 res4[4,0,4]             1.175            -0               
   285 res4[4,1,0]                86            -0               
   286 res4[4,1,1]              1110            -0               
   287 res4[4,1,2]           3.14286            -0               
   288 res4[4,1,3]           1.80645            -0               
   289 res4[4,1,4]           1.12195            -0               
   290 res4[4,2,0]              42.5            -0               
   291 res4[4,2,1]              6.25            -0               
   292 res4[4,2,2]              1110            -0               
   293 res4[4,2,3]           1.71875            -0               
   294 res4[4,2,4]           1.07143            -0               
   295 res4[4,3,0]                28            -0               
   296 res4[4,3,1]           5.69231            -0               
   297 res4[4,3,2]           2.78261            -0               
   298 res4[4,3,3]              1110            -0               
   299 res4[4,3,4]           1.02326            -0               
   300 res4[4,4,0]             20.75            -0               
   301 res4[4,4,1]           5.21429            -0               
   302 res4[4,4,2]             2.625            -0               
   303 res4[4,4,3]           1.55882            -0               
   304 res4[4,4,4]              1110            -0               
   305 res5[1,0,0]              1111                        1111 
   306 res5[1,0,1]                 1                        1111 
   307 res5[1,0,2]              1111                        1111 
   308 res5[1,0,3]              1111                        1111 
   309 res5[1,0,4]              1111                        1111 
   310 res5[1,1,0]                28                        1111 
   311 res5[1,1,1]              1111                        1111 
   312 res5[1,1,2]              1111                        1111 
   313 res5[1,1,3]              1111                        1111 
   314 res5[1,1,4]              1111                        1111 
   315 res5[1,2,0]                13                        1111 
   316 res5[1,2,1]               0.5                        1111 
   317 res5[1,2,2]              1111                        1111 
   318 res5[1,2,3]              1111                        1111 
   319 res5[1,2,4]              1111                        1111 
   320 res5[1,3,0]                 8                        1111 
   321 res5[1,3,1]          0.307692                        1111 
   322 res5[1,3,2]              1111                        1111 
   323 res5[1,3,3]              1111                        1111 
   324 res5[1,3,4]              1111                        1111 
   325 res5[1,4,0]               5.5                        1111 
   326 res5[1,4,1]          0.142857                        1111 
   327 res5[1,4,2]              1111                        1111 
   328 res5[1,4,3]              1111                        1111 
   329 res5[1,4,4]              1111                        1111 
   330 res5[2,0,0]              1111                        1111 
   331 res5[2,0,1]              1111                        1111 
   332 res5[2,0,2]              1111                        1111 
   333 res5[2,0,3]              1111                        1111 
   334 res5[2,0,4]              1111                        1111 
   335 res5[2,1,0]                 6                        1111 
   336 res5[2,1,1]              1111                        1111 
   337 res5[2,1,2]              1111                        1111 
   338 res5[2,1,3]              1111                        1111 
   339 res5[2,1,4]              1111                        1111 
   340 res5[2,2,0]                 2                        1111 
   341 res5[2,2,1]              1111                        1111 
   342 res5[2,2,2]              1111                        1111 
   343 res5[2,2,3]              1111                        1111 
   344 res5[2,2,4]              1111                        1111 
   345 res5[2,3,0]          0.666667                        1111 
   346 res5[2,3,1]              1111                        1111 
   347 res5[2,3,2]              1111                        1111 
   348 res5[2,3,3]              1111                        1111 
   349 res5[2,3,4]              1111                        1111 
   350 res5[2,4,0]                 0                        1111 
   351 res5[2,4,1]              1111                        1111 
   352 res5[2,4,2]              1111                        1111 
   353 res5[2,4,3]              1111                        1111 
   354 res5[2,4,4]              1111                        1111 
   355 res5[3,0,0]              1111                        1111 
   356 res5[3,0,1]              1111                        1111 
   357 res5[3,0,2]              1111                        1111 
   358 res5[3,0,3]              1111                        1111 
   359 res5[3,0,4]              1111                        1111 
   360 res5[3,1,0]                 8                        1111 
   361 res5[3,1,1]              1111                        1111 
   362 res5[3,1,2]              1111                        1111 
   363 res5[3,1,3]              1111                        1111 
   364 res5[3,1,4]              1111                        1111 
   365 res5[3,2,0]                 3                        1111 
   366 res5[3,2,1]              1111                        1111 
   367 res5[3,2,2]              1111                        1111 
   368 res5[3,2,3]              1111                        1111 
   369 res5[3,2,4]              1111                        1111 
   370 res5[3,3,0]           1.33333                        1111 
   371 res5[3,3,1]              1111                        1111 
   372 res5[3,3,2]              1111                        1111 
   373 res5[3,3,3]              1111                        1111 
   374 res5[3,3,4]              1111                        1111 
   375 res5[3,4,0]               0.5                        1111 
   376 res5[3,4,1]              1111                        1111 
   377 res5[3,4,2]              1111                        1111 
   378 res5[3,4,3]              1111                        1111 
   379 res5[3,4,4]              1111                        1111 
   380 res5[4,0,0]              1111                        1111 
   381 res5[4,0,1]              15.4                        1111 
   382 res5[4,0,2]               6.7                        1111 
   383 res5[4,0,3]               3.8                        1111 
   384 res5[4,0,4]              2.35                        1111 
   385 res5[4,1,0]               172                        1111 
   386 res5[4,1,1]              1111                        1111 
   387 res5[4,1,2]           6.28571                        1111 
   388 res5[4,1,3]            3.6129                        1111 
   389 res5[4,1,4]            2.2439                        1111 
   390 res5[4,2,0]                85                        1111 
   391 res5[4,2,1]              12.5                        1111 
   392 res5[4,2,2]              1111                        1111 
   393 res5[4,2,3]            3.4375                        1111 
   394 res5[4,2,4]           2.14286                        1111 
   395 res5[4,3,0]                56                        1111 
   396 res5[4,3,1]           11.3846                        1111 
   397 res5[4,3,2]           5.56522                        1111 
   398 res5[4,3,3]              1111                        1111 
   399 res5[4,3,4]           2.04651                        1111 
   400 res5[4,4,0]              41.5                        1111 
   401 res5[4,4,1]           10.4286                        1111 
   402 res5[4,4,2]              5.25                        1111 
   403 res5[4,4,3]           3.11765                        1111 
   404 res5[4,4,4]              1111                        1111 
   405 res6[1,0,0]             -1111         -1111               
   406 res6[1,0,1]                 1         -1111               
   407 res6[1,0,2]             -1111         -1111               
   408 res6[1,0,3]             -1111         -1111               
   409 res6[1,0,4]             -1111         -1111               
   410 res6[1,1,0]                28         -1111               
   411 res6[1,1,1]             -1111         -1111               
   412 res6[1,1,2]             -1111         -1111               
   413 res6[1,1,3]             -1111         -1111               
   414 res6[1,1,4]             -1111         -1111               
   415 res6[1,2,0]                13         -1111               
   416 res6[1,2,1]               0.5         -1111               
   417 res6[1,2,2]             -1111         -1111               
   418 res6[1,2,3]             -1111         -1111               
   419 res6[1,2,4]             -1111         -1111               
   420 res6[1,3,0]                 8         -1111               
   421 res6[1,3,1]          0.307692         -1111               
   422 res6[1,3,2]             -1111         -1111               
   423 res6[1,3,3]             -1111         -1111               
   424 res6[1,3,4]             -1111         -1111               
   425 res6[1,4,0]               5.5         -1111               
   426 res6[1,4,1]          0.142857         -1111               
   427 res6[1,4,2]             -1111         -1111               
   428 res6[1,4,3]             -1111         -1111               
   429 res6[1,4,4]             -1111         -1111               
   430 res6[2,0,0]             -1111         -1111               
   431 res6[2,0,1]             -1111         -1111               
   432 res6[2,0,2]             -1111         -1111               
   433 res6[2,0,3]             -1111         -1111               
   434 res6[2,0,4]             -1111         -1111               
   435 res6[2,1,0]                 6         -1111               
   436 res6[2,1,1]             -1111         -1111               
   437 res6[2,1,2]             -1111         -1111               
   438 res6[2,1,3]             -1111         -1111               
   439 res6[2,1,4]             -1111         -1111               
   440 res6[2,2,0]                 2         -1111               
   441 res6[2,2,1]             -1111         -1111               
   442 res6[2,2,2]             -1111         -1111               
   443 res6[2,2,3]             -1111         -1111               
   444 res6[2,2,4]             -1111         -1111               
   445 res6[2,3,0]          0.666667         -1111               
   446 res6[2,3,1]             -1111         -1111               
   447 res6[2,3,2]             -1111         -1111               
   448 res6[2,3,3]             -1111         -1111               
   449 res6[2,3,4]             -1111         -1111               
   450 res6[2,4,0]                 0         -1111               
   451 res6[2,4,1]             -1111         -1111               
   452 res6[2,4,2]             -1111         -1111               
   453 res6[2,4,3]             -1111         -1111               
   454 res6[2,4,4]             -1111         -1111               
   455 res6[3,0,0]             -1111         -1111               
   456 res6[3,0,1]             -1111         -1111               
   457 res6[3,0,2]             -1111         -1111               
   458 res6[3,0,3]             -1111         -1111               
   459 res6[3,0,4]             -1111         -1111               
   460 res6[3,1,0]                 8         -1111               
   461 res6[3,1,1]             -1111         -1111               
   462 res6[3,1,2]             -1111         -1111               
   463 res6[3,1,3]             -1111         -1111               
   464 res6[3,1,4]             -1111         -1111               
   465 res6[3,2,0]                 3         -1111               
   466 res6[3,2,1]             -1111         -1111               
   467 res6[3,2,2]             -1111         -1111               
   468 res6[3,2,3]             -1111         -1111               
   469 res6[3,2,4]             -1111         -1111               
   470 res6[3,3,0]           1.33333         -1111               
   471 res6[3,3,1]             -1111         -1111               
   472 res6[3,3,2]             -1111         -1111               
   473 res6[3,3,3]             -1111         -1111               
   474 res6[3,3,4]             -1111         -1111               
   475 res6[3,4,0]               0.5         -1111               
   476 res6[3,4,1]             -1111         -1111               
   477 res6[3,4,2]             -1111         -1111               
   478 res6[3,4,3]             -1111         -1111               
   479 res6[3,4,4]             -1111         -1111               
   480 res6[4,0,0]             -1111         -1111               
   481 res6[4,0,1]              15.4         -1111               
   482 res6[4,0,2]               6.7         -1111               
   483 res6[4,0,3]               3.8         -1111               
   484 res6[4,0,4]              2.35         -1111               
   485 res6[4,1,0]               172         -1111               
   486 res6[4,1,1]             -1111         -1111               
   487 res6[4,1,2]           6.28571         -1111               
   488 res6[4,1,3]            3.6129         -1111               
   489 res6[4,1,4]            2.2439         -1111               
   490 res6[4,2,0]                85         -1111               
   491 res6[4,2,1]              12.5         -1111               
   492 res6[4,2,2]             -1111         -1111               
   493 res6[4,2,3]            3.4375         -1111               
   494 res6[4,2,4]           2.14286         -1111               
   495 res6[4,3,0]                56         -1111               
   496 res6[4,3,1]           11.3846         -1111               
   497 res6[4,3,2]           5.56522         -1111               
   498 res6[4,3,3]             -1111         -1111               
   499 res6[4,3,4]           2.04651         -1111               
   500 res6[4,4,0]              41.5         -1111               
   501 res6[4,4,1]           10.4286         -1111               
   502 res6[4,4,2]              5.25         -1111               
   503 res6[4,4,3]           3.11765         -1111               
   504 res6[4,4,4]             -1111         -1111               
   505 res7[1,0,0]             -1109                          -0 
   506 res7[1,0,1]                 0                          -0 
   507 res7[1,0,2]           -1110.5                          -0 
   508 res7[1,0,3]             -1110                          -0 
   509 res7[1,0,4]          -1109.75                          -0 
   510 res7[1,1,0]                 0                          -0 
   511 res7[1,1,1]             -1109                          -0 
   512 res7[1,1,2]          -1110.43                          -0 
   513 res7[1,1,3]          -1109.97                          -0 
   514 res7[1,1,4]          -1109.73                          -0 
   515 res7[1,2,0]                 0                          -0 
   516 res7[1,2,1]                 0                          -0 
   517 res7[1,2,2]             -1109                          -0 
   518 res7[1,2,3]          -1109.94                          -0 
   519 res7[1,2,4]          -1109.71                          -0 
   520 res7[1,3,0]                 0                          -0 
   521 res7[1,3,1]                 0                          -0 
   522 res7[1,3,2]           -1110.3                          -0 
   523 res7[1,3,3]             -1109                          -0 
   524 res7[1,3,4]           -1109.7                          -0 
   525 res7[1,4,0]                 0                          -0 
   526 res7[1,4,1]                 0                          -0 
   527 res7[1,4,2]          -1110.25                          -0 
   528 res7[1,4,3]          -1109.88                          -0 
   529 res7[1,4,4]             -1109                          -0 
   530 res7[2,0,0]             -1109                          -0 
   531 res7[2,0,1]           -1109.8                          -0 
   532 res7[2,0,2]           -1109.4                          -0 
   533 res7[2,0,3]          -1109.27                          -0 
   534 res7[2,0,4]           -1109.2                          -0 
   535 res7[2,1,0]                 0                          -0 
   536 res7[2,1,1]             -1109                          -0 
   537 res7[2,1,2]          -1109.38                          -0 
   538 res7[2,1,3]          -1109.26                          -0 
   539 res7[2,1,4]           -1109.2                          -0 
   540 res7[2,2,0]                 0                          -0 
   541 res7[2,2,1]          -1109.67                          -0 
   542 res7[2,2,2]             -1109                          -0 
   543 res7[2,2,3]          -1109.25                          -0 
   544 res7[2,2,4]          -1109.19                          -0 
   545 res7[2,3,0]                 0                          -0 
   546 res7[2,3,1]          -1109.62                          -0 
   547 res7[2,3,2]          -1109.35                          -0 
   548 res7[2,3,3]             -1109                          -0 
   549 res7[2,3,4]          -1109.19                          -0 
   550 res7[2,4,0]                 0                          -0 
   551 res7[2,4,1]          -1109.57                          -0 
   552 res7[2,4,2]          -1109.33                          -0 
   553 res7[2,4,3]          -1109.24                          -0 
   554 res7[2,4,4]             -1109                          -0 
   555 res7[3,0,0]             -1109                          -0 
   556 res7[3,0,1]             -1110                          -0 
   557 res7[3,0,2]           -1109.5                          -0 
   558 res7[3,0,3]          -1109.33                          -0 
   559 res7[3,0,4]          -1109.25                          -0 
   560 res7[3,1,0]                 0                          -0 
   561 res7[3,1,1]             -1109                          -0 
   562 res7[3,1,2]          -1109.48                          -0 
   563 res7[3,1,3]          -1109.32                          -0 
   564 res7[3,1,4]          -1109.24                          -0 
   565 res7[3,2,0]                 0                          -0 
   566 res7[3,2,1]          -1109.83                          -0 
   567 res7[3,2,2]             -1109                          -0 
   568 res7[3,2,3]          -1109.31                          -0 
   569 res7[3,2,4]          -1109.24                          -0 
   570 res7[3,3,0]                 0                          -0 
   571 res7[3,3,1]          -1109.77                          -0 
   572 res7[3,3,2]          -1109.43                          -0 
   573 res7[3,3,3]             -1109                          -0 
   574 res7[3,3,4]          -1109.23                          -0 
   575 res7[3,4,0]                 0                          -0 
   576 res7[3,4,1]          -1109.71                          -0 
   577 res7[3,4,2]          -1109.42                          -0 
   578 res7[3,4,3]          -1109.29                          -0 
   579 res7[3,4,4]             -1109                          -0 
   580 res7[4,0,0]             -1109                          -0 
   581 res7[4,0,1]                 0                          -0 
   582 res7[4,0,2]                 0                          -0 
   583 res7[4,0,3]                 0                          -0 
   584 res7[4,0,4]                 0                          -0 
   585 res7[4,1,0]                 0                          -0 
   586 res7[4,1,1]             -1109                          -0 
   587 res7[4,1,2]                 0                          -0 
   588 res7[4,1,3]                 0                          -0 
   589 res7[4,1,4]                 0                          -0 
   590 res7[4,2,0]                 0                          -0 
   591 res7[4,2,1]                 0                          -0 
   592 res7[4,2,2]             -1109                          -0 
   593 res7[4,2,3]                 0                          -0 
   594 res7[4,2,4]                 0                          -0 
   595 res7[4,3,0]                 0                          -0 
   596 res7[4,3,1]                 0                          -0 
   597 res7[4,3,2]                 0                          -0 
   598 res7[4,3,3]             -1109                          -0 
   599 res7[4,3,4]                 0                          -0 
   600 res7[4,4,0]                 0                          -0 
   601 res7[4,4,1]                 0                          -0 
   602 res7[4,4,2]                 0                          -0 
   603 res7[4,4,3]                 0                          -0 
   604 res7[4,4,4]             -1109                          -0 
   605 res8[1,0,0]              1113            -0               
   606 res8[1,0,1]                 0            -0               
   607 res8[1,0,2]            1111.5            -0               
   608 res8[1,0,3]              1112            -0               
   609 res8[1,0,4]           1112.25            -0               
   610 res8[1,1,0]                 0            -0               
   611 res8[1,1,1]              1113            -0               
   612 res8[1,1,2]           1111.57            -0               
   613 res8[1,1,3]           1112.03            -0               
   614 res8[1,1,4]           1112.27            -0               
   615 res8[1,2,0]                 0            -0               
   616 res8[1,2,1]                 0            -0               
   617 res8[1,2,2]              1113            -0               
   618 res8[1,2,3]           1112.06            -0               
   619 res8[1,2,4]           1112.29            -0               
   620 res8[1,3,0]                 0            -0               
   621 res8[1,3,1]                 0            -0               
   622 res8[1,3,2]            1111.7            -0               
   623 res8[1,3,3]              1113            -0               
   624 res8[1,3,4]            1112.3            -0               
   625 res8[1,4,0]                 0            -0               
   626 res8[1,4,1]                 0            -0               
   627 res8[1,4,2]           1111.75            -0               
   628 res8[1,4,3]           1112.12            -0               
   629 res8[1,4,4]              1113            -0               
   630 res8[2,0,0]              1113            -0               
   631 res8[2,0,1]            1112.2            -0               
   632 res8[2,0,2]            1112.6            -0               
   633 res8[2,0,3]           1112.73            -0               
   634 res8[2,0,4]            1112.8            -0               
   635 res8[2,1,0]                 0            -0               
   636 res8[2,1,1]              1113            -0               
   637 res8[2,1,2]           1112.62            -0               
   638 res8[2,1,3]           1112.74            -0               
   639 res8[2,1,4]            1112.8            -0               
   640 res8[2,2,0]                 0            -0               
   641 res8[2,2,1]           1112.33            -0               
   642 res8[2,2,2]              1113            -0               
   643 res8[2,2,3]           1112.75            -0               
   644 res8[2,2,4]           1112.81            -0               
   645 res8[2,3,0]                 0            -0               
   646 res8[2,3,1]           1112.38            -0               
   647 res8[2,3,2]           1112.65            -0               
   648 res8[2,3,3]              1113            -0               
   649 res8[2,3,4]           1112.81            -0               
   650 res8[2,4,0]                 0            -0               
   651 res8[2,4,1]           1112.43            -0               
   652 res8[2,4,2]           1112.67            -0               
   653 res8[2,4,3]           1112.76            -0               
   654 res8[2,4,4]              1113            -0               
   655 res8[3,0,0]              1113            -0               
   656 res8[3,0,1]              1112            -0               
   657 res8[3,0,2]            1112.5            -0               
   658 res8[3,0,3]           1112.67            -0               
   659 res8[3,0,4]           1112.75            -0               
   660 res8[3,1,0]                 0            -0               
   661 res8[3,1,1]              1113            -0               
   662 res8[3,1,2]           1112.52            -0               
   663 res8[3,1,3]           1112.68            -0               
   664 res8[3,1,4]           1112.76            -0               
   665 res8[3,2,0]                 0            -0               
   666 res8[3,2,1]           1112.17            -0               
   667 res8[3,2,2]              1113            -0               
   668 res8[3,2,3]           1112.69            -0               
   669 res8[3,2,4]           1112.76            -0               
   670 res8[3,3,0]                 0            -0               
   671 res8[3,3,1]           1112.23            -0               
   672 res8[3,3,2]           1112.57            -0               
   673 res8[3,3,3]              1113            -0               
   674 res8[3,3,4]           1112.77            -0               
   675 res8[3,4,0]                 0            -0               
   676 res8[3,4,1]           1112.29            -0               
   677 res8[3,4,2]           1112.58            -0               
   678 res8[3,4,3]           1112.71            -0               
   679 res8[3,4,4]              1113            -0               
   680 res8[4,0,0]              1113            -0               
   681 res8[4,0,1]                 0            -0               
   682 res8[4,0,2]                 0            -0               
   683 res8[4,0,3]                 0            -0               
   684 res8[4,0,4]                 0            -0               
   685 res8[4,1,0]                 0            -0               
   686 res8[4,1,1]              1113            -0               
   687 res8[4,1,2]                 0            -0               
   688 res8[4,1,3]                 0            -0               
   689 res8[4,1,4]                 0            -0               
   690 res8[4,2,0]                 0            -0               
   691 res8[4,2,1]                 0            -0               
   692 res8[4,2,2]              1113            -0               
   693 res8[4,2,3]                 0            -0               
   694 res8[4,2,4]                 0            -0               
   695 res8[4,3,0]                 0            -0               
   696 res8[4,3,1]                 0            -0               
   697 res8[4,3,2]                 0            -0               
   698 res8[4,3,3]              1113            -0               
   699 res8[4,3,4]                 0            -0               
   700 res8[4,4,0]                 0            -0               
   701 res8[4,4,1]                 0            -0               
   702 res8[4,4,2]                 0            -0               
   703 res8[4,4,3]                 0            -0               
   704 res8[4,4,4]              1113            -0               

   No. Column name       Activity     Lower bound   Upper bound
------ ------------    ------------- ------------- -------------
     1 w[1]                       15                             
     2 w[2]                        4                             
     3 w[3]                        5                             
     4 w[4]                       87                             
     5 z[1,0,1]                 -0.5                             
     6 z[1,0,2]                 0.25                             
     7 z[1,0,3]                  0.5                             
     8 z[1,0,4]                0.625                             
     9 z[1,1,0]                  -14                             
    10 z[1,1,2]             0.285714                             
    11 z[1,1,3]             0.516129                             
    12 z[1,1,4]             0.634146                             
    13 z[1,2,0]                 -6.5                             
    14 z[1,2,1]                -0.25                             
    15 z[1,2,3]              0.53125                             
    16 z[1,2,4]             0.642857                             
    17 z[1,3,0]                   -4                             
    18 z[1,3,1]            -0.153846                             
    19 z[1,3,2]             0.347826                             
    20 z[1,3,4]             0.651163                             
    21 z[1,4,0]                -2.75                             
    22 z[1,4,1]           -0.0714286                             
    23 z[1,4,2]                0.375                             
    24 z[1,4,3]             0.558824                             
    25 z[2,0,1]                  0.6                             
    26 z[2,0,2]                  0.8                             
    27 z[2,0,3]             0.866667                             
    28 z[2,0,4]                  0.9                             
    29 z[2,1,0]                   -3                             
    30 z[2,1,2]             0.809524                             
    31 z[2,1,3]             0.870968                             
    32 z[2,1,4]             0.902439                             
    33 z[2,2,0]                   -1                             
    34 z[2,2,1]             0.666667                             
    35 z[2,2,3]                0.875                             
    36 z[2,2,4]             0.904762                             
    37 z[2,3,0]            -0.333333                             
    38 z[2,3,1]             0.692308                             
    39 z[2,3,2]             0.826087                             
    40 z[2,3,4]             0.906977                             
    41 z[2,4,0]                    0                             
    42 z[2,4,1]             0.714286                             
    43 z[2,4,2]             0.833333                             
    44 z[2,4,3]             0.882353                             
    45 z[3,0,1]                  0.5                             
    46 z[3,0,2]                 0.75                             
    47 z[3,0,3]             0.833333                             
    48 z[3,0,4]                0.875                             
    49 z[3,1,0]                   -4                             
    50 z[3,1,2]             0.761905                             
    51 z[3,1,3]              0.83871                             
    52 z[3,1,4]             0.878049                             
    53 z[3,2,0]                 -1.5                             
    54 z[3,2,1]             0.583333                             
    55 z[3,2,3]              0.84375                             
    56 z[3,2,4]             0.880952                             
    57 z[3,3,0]            -0.666667                             
    58 z[3,3,1]             0.615385                             
    59 z[3,3,2]             0.782609                             
    60 z[3,3,4]             0.883721                             
    61 z[3,4,0]                -0.25                             
    62 z[3,4,1]             0.642857                             
    63 z[3,4,2]             0.791667                             
    64 z[3,4,3]             0.852941                             
    65 z[4,0,1]                 -7.7                             
    66 z[4,0,2]                -3.35                             
    67 z[4,0,3]                 -1.9                             
    68 z[4,0,4]               -1.175                             
    69 z[4,1,0]                  -86                             
    70 z[4,1,2]             -3.14286                             
    71 z[4,1,3]             -1.80645                             
    72 z[4,1,4]             -1.12195                             
    73 z[4,2,0]                -42.5                             
    74 z[4,2,1]                -6.25                             
    75 z[4,2,3]             -1.71875                             
    76 z[4,2,4]             -1.07143                             
    77 z[4,3,0]                  -28                             
    78 z[4,3,1]             -5.69231                             
    79 z[4,3,2]             -2.78261                             
    80 z[4,3,4]             -1.02326                             
    81 z[4,4,0]               -20.75                             
    82 z[4,4,1]             -5.21429                             
    83 z[4,4,2]               -2.625                             
    84 z[4,4,3]             -1.55882                             
    85 z[1,0,0]                    1                             
    86 z[1,1,1]                    1                             
    87 z[1,2,2]                    1                             
    88 z[1,3,3]                    1                             
    89 z[1,4,4]                    1                             
    90 z[2,0,0]                    1                             
    91 z[2,1,1]                    1                             
    92 z[2,2,2]                    1                             
    93 z[2,3,3]                    1                             
    94 z[2,4,4]                    1                             
    95 z[3,0,0]                    1                             
    96 z[3,1,1]                    1                             
    97 z[3,2,2]                    1                             
    98 z[3,3,3]                    1                             
    99 z[3,4,4]                    1                             
   100 z[4,0,0]                    1                             
   101 z[4,1,1]                    1                             
   102 z[4,2,2]                    1                             
   103 z[4,3,3]                    1                             
   104 z[4,4,4]                    1                             
   105 BETA[1,0,0]  *              1             0             1 
   106 BETA[1,0,1]  *              0             0             1 
   107 BETA[1,0,2]  *              1             0             1 
   108 BETA[1,0,3]  *              1             0             1 
   109 BETA[1,0,4]  *              1             0             1 
   110 BETA[1,1,0]  *              0             0             1 
   111 BETA[1,1,1]  *              1             0             1 
   112 BETA[1,1,2]  *              1             0             1 
   113 BETA[1,1,3]  *              1             0             1 
   114 BETA[1,1,4]  *              1             0             1 
   115 BETA[1,2,0]  *              0             0             1 
   116 BETA[1,2,1]  *              0             0             1 
   117 BETA[1,2,2]  *              1             0             1 
   118 BETA[1,2,3]  *              1             0             1 
   119 BETA[1,2,4]  *              1             0             1 
   120 BETA[1,3,0]  *              0             0             1 
   121 BETA[1,3,1]  *              0             0             1 
   122 BETA[1,3,2]  *              1             0             1 
   123 BETA[1,3,3]  *              1             0             1 
   124 BETA[1,3,4]  *              1             0             1 
   125 BETA[1,4,0]  *              0             0             1 
   126 BETA[1,4,1]  *              0             0             1 
   127 BETA[1,4,2]  *              1             0             1 
   128 BETA[1,4,3]  *              1             0             1 
   129 BETA[1,4,4]  *              1             0             1 
   130 BETA[2,0,0]  *              1             0             1 
   131 BETA[2,0,1]  *              1             0             1 
   132 BETA[2,0,2]  *              1             0             1 
   133 BETA[2,0,3]  *              1             0             1 
   134 BETA[2,0,4]  *              1             0             1 
   135 BETA[2,1,0]  *              0             0             1 
   136 BETA[2,1,1]  *              1             0             1 
   137 BETA[2,1,2]  *              1             0             1 
   138 BETA[2,1,3]  *              1             0             1 
   139 BETA[2,1,4]  *              1             0             1 
   140 BETA[2,2,0]  *              0             0             1 
   141 BETA[2,2,1]  *              1             0             1 
   142 BETA[2,2,2]  *              1             0             1 
   143 BETA[2,2,3]  *              1             0             1 
   144 BETA[2,2,4]  *              1             0             1 
   145 BETA[2,3,0]  *              0             0             1 
   146 BETA[2,3,1]  *              1             0             1 
   147 BETA[2,3,2]  *              1             0             1 
   148 BETA[2,3,3]  *              1             0             1 
   149 BETA[2,3,4]  *              1             0             1 
   150 BETA[2,4,0]  *              0             0             1 
   151 BETA[2,4,1]  *              1             0             1 
   152 BETA[2,4,2]  *              1             0             1 
   153 BETA[2,4,3]  *              1             0             1 
   154 BETA[2,4,4]  *              1             0             1 
   155 BETA[3,0,0]  *              1             0             1 
   156 BETA[3,0,1]  *              1             0             1 
   157 BETA[3,0,2]  *              1             0             1 
   158 BETA[3,0,3]  *              1             0             1 
   159 BETA[3,0,4]  *              1             0             1 
   160 BETA[3,1,0]  *              0             0             1 
   161 BETA[3,1,1]  *              1             0             1 
   162 BETA[3,1,2]  *              1             0             1 
   163 BETA[3,1,3]  *              1             0             1 
   164 BETA[3,1,4]  *              1             0             1 
   165 BETA[3,2,0]  *              0             0             1 
   166 BETA[3,2,1]  *              1             0             1 
   167 BETA[3,2,2]  *              1             0             1 
   168 BETA[3,2,3]  *              1             0             1 
   169 BETA[3,2,4]  *              1             0             1 
   170 BETA[3,3,0]  *              0             0             1 
   171 BETA[3,3,1]  *              1             0             1 
   172 BETA[3,3,2]  *              1             0             1 
   173 BETA[3,3,3]  *              1             0             1 
   174 BETA[3,3,4]  *              1             0             1 
   175 BETA[3,4,0]  *              0             0             1 
   176 BETA[3,4,1]  *              1             0             1 
   177 BETA[3,4,2]  *              1             0             1 
   178 BETA[3,4,3]  *              1             0             1 
   179 BETA[3,4,4]  *              1             0             1 
   180 BETA[4,0,0]  *              1             0             1 
   181 BETA[4,0,1]  *              0             0             1 
   182 BETA[4,0,2]  *              0             0             1 
   183 BETA[4,0,3]  *              0             0             1 
   184 BETA[4,0,4]  *              0             0             1 
   185 BETA[4,1,0]  *              0             0             1 
   186 BETA[4,1,1]  *              1             0             1 
   187 BETA[4,1,2]  *              0             0             1 
   188 BETA[4,1,3]  *              0             0             1 
   189 BETA[4,1,4]  *              0             0             1 
   190 BETA[4,2,0]  *              0             0             1 
   191 BETA[4,2,1]  *              0             0             1 
   192 BETA[4,2,2]  *              1             0             1 
   193 BETA[4,2,3]  *              0             0             1 
   194 BETA[4,2,4]  *              0             0             1 
   195 BETA[4,3,0]  *              0             0             1 
   196 BETA[4,3,1]  *              0             0             1 
   197 BETA[4,3,2]  *              0             0             1 
   198 BETA[4,3,3]  *              1             0             1 
   199 BETA[4,3,4]  *              0             0             1 
   200 BETA[4,4,0]  *              0             0             1 
   201 BETA[4,4,1]  *              0             0             1 
   202 BETA[4,4,2]  *              0             0             1 
   203 BETA[4,4,3]  *              0             0             1 
   204 BETA[4,4,4]  *              1             0             1 
   205 A[1,0,0]                    1                             
   206 A[1,0,1]                  0.5                             
   207 A[1,0,2]                 0.25                             
   208 A[1,0,3]                  0.5                             
   209 A[1,0,4]                0.625                             
   210 A[1,1,0]                   14                             
   211 A[1,1,1]                    1                             
   212 A[1,1,2]             0.285714                             
   213 A[1,1,3]             0.516129                             
   214 A[1,1,4]             0.634146                             
   215 A[1,2,0]                  6.5                             
   216 A[1,2,1]                 0.25                             
   217 A[1,2,2]                    1                             
   218 A[1,2,3]              0.53125                             
   219 A[1,2,4]             0.642857                             
   220 A[1,3,0]                    4                             
   221 A[1,3,1]             0.153846                             
   222 A[1,3,2]             0.347826                             
   223 A[1,3,3]                    1                             
   224 A[1,3,4]             0.651163                             
   225 A[1,4,0]                 2.75                             
   226 A[1,4,1]            0.0714286                             
   227 A[1,4,2]                0.375                             
   228 A[1,4,3]             0.558824                             
   229 A[1,4,4]                    1                             
   230 A[2,0,0]                    1                             
   231 A[2,0,1]                  0.6                             
   232 A[2,0,2]                  0.8                             
   233 A[2,0,3]             0.866667                             
   234 A[2,0,4]                  0.9                             
   235 A[2,1,0]                    3                             
   236 A[2,1,1]                    1                             
   237 A[2,1,2]             0.809524                             
   238 A[2,1,3]             0.870968                             
   239 A[2,1,4]             0.902439                             
   240 A[2,2,0]                    1                             
   241 A[2,2,1]             0.666667                             
   242 A[2,2,2]                    1                             
   243 A[2,2,3]                0.875                             
   244 A[2,2,4]             0.904762                             
   245 A[2,3,0]             0.333333                             
   246 A[2,3,1]             0.692308                             
   247 A[2,3,2]             0.826087                             
   248 A[2,3,3]                    1                             
   249 A[2,3,4]             0.906977                             
   250 A[2,4,0]                    0                             
   251 A[2,4,1]             0.714286                             
   252 A[2,4,2]             0.833333                             
   253 A[2,4,3]             0.882353                             
   254 A[2,4,4]                    1                             
   255 A[3,0,0]                    1                             
   256 A[3,0,1]                  0.5                             
   257 A[3,0,2]                 0.75                             
   258 A[3,0,3]             0.833333                             
   259 A[3,0,4]                0.875                             
   260 A[3,1,0]                    4                             
   261 A[3,1,1]                    1                             
   262 A[3,1,2]             0.761905                             
   263 A[3,1,3]              0.83871                             
   264 A[3,1,4]             0.878049                             
   265 A[3,2,0]                  1.5                             
   266 A[3,2,1]             0.583333                             
   267 A[3,2,2]                    1                             
   268 A[3,2,3]              0.84375                             
   269 A[3,2,4]             0.880952                             
   270 A[3,3,0]             0.666667                             
   271 A[3,3,1]             0.615385                             
   272 A[3,3,2]             0.782609                             
   273 A[3,3,3]                    1                             
   274 A[3,3,4]             0.883721                             
   275 A[3,4,0]                 0.25                             
   276 A[3,4,1]             0.642857                             
   277 A[3,4,2]             0.791667                             
   278 A[3,4,3]             0.852941                             
   279 A[3,4,4]                    1                             
   280 A[4,0,0]                    1                             
   281 A[4,0,1]                  7.7                             
   282 A[4,0,2]                 3.35                             
   283 A[4,0,3]                  1.9                             
   284 A[4,0,4]                1.175                             
   285 A[4,1,0]                   86                             
   286 A[4,1,1]                    1                             
   287 A[4,1,2]              3.14286                             
   288 A[4,1,3]              1.80645                             
   289 A[4,1,4]              1.12195                             
   290 A[4,2,0]                 42.5                             
   291 A[4,2,1]                 6.25                             
   292 A[4,2,2]                    1                             
   293 A[4,2,3]              1.71875                             
   294 A[4,2,4]              1.07143                             
   295 A[4,3,0]                   28                             
   296 A[4,3,1]              5.69231                             
   297 A[4,3,2]              2.78261                             
   298 A[4,3,3]                    1                             
   299 A[4,3,4]              1.02326                             
   300 A[4,4,0]                20.75                             
   301 A[4,4,1]              5.21429                             
   302 A[4,4,2]                2.625                             
   303 A[4,4,3]              1.55882                             
   304 A[4,4,4]                    1                             

Integer feasibility conditions:

KKT.PE: max.abs.err = 0.00e+00 on row 0
        max.rel.err = 0.00e+00 on row 0
        High quality

KKT.PB: max.abs.err = 0.00e+00 on row 0
        max.rel.err = 0.00e+00 on row 0
        High quality

End of output
