Problem:    RC_WIki
Rows:       274
Columns:    272 (256 integer, 256 binary)
Non-zeros:  1443
Status:     INTEGER NON-OPTIMAL
Objective:  FO = 6859 (MINimum)

   No.   Row name        Activity     Lower bound   Upper bound
------ ------------    ------------- ------------- -------------
     1 FO                       6859                             
     2 res555[1]                   1             1             = 
     3 res555[2]                   1             1             = 
     4 res555[3]                   1             1             = 
     5 res555[4]                   1             1             = 
     6 res555[5]                   1             1             = 
     7 res555[6]                   1             1             = 
     8 res555[7]                   1             1             = 
     9 res555[8]                   1             1             = 
    10 res555[9]                   1             1             = 
    11 res555[10]                  1             1             = 
    12 res555[11]                  1             1             = 
    13 res555[12]                  1             1             = 
    14 res555[13]                  1             1             = 
    15 res555[14]                  1             1             = 
    16 res555[15]                  1             1             = 
    17 res555[16]                  1             1             = 
    18 res777[1]                   1             1             = 
    19 res777[2]                   1             1             = 
    20 res777[3]                   1             1             = 
    21 res777[4]                   1             1             = 
    22 res777[5]                   1             1             = 
    23 res777[6]                   1             1             = 
    24 res777[7]                   1             1             = 
    25 res777[8]                   1             1             = 
    26 res777[9]                   1             1             = 
    27 res777[10]                  1             1             = 
    28 res777[11]                  1             1             = 
    29 res777[12]                  1             1             = 
    30 res777[13]                  1             1             = 
    31 res777[14]                  1             1             = 
    32 res777[15]                  1             1             = 
    33 res777[16]                  1             1             = 
    34 res888[1]                   0            -0             = 
    35 res888[2]                   0            -0             = 
    36 res888[3]                   0            -0             = 
    37 res888[4]                   0            -0             = 
    38 res888[5]                   0            -0             = 
    39 res888[6]                   0            -0             = 
    40 res888[7]                   0            -0             = 
    41 res888[8]                   0            -0             = 
    42 res888[9]                   0            -0             = 
    43 res888[10]                  0            -0             = 
    44 res888[11]                  0            -0             = 
    45 res888[12]                  0            -0             = 
    46 res888[13]                  0            -0             = 
    47 res888[14]                  0            -0             = 
    48 res888[15]                  0            -0             = 
    49 res888[16]                  0            -0             = 
    50 res788[1,2]                -3                          15 
    51 res788[1,3]                -4                          15 
    52 res788[1,4]                -2                          15 
    53 res788[1,5]                -9                          15 
    54 res788[1,6]               -11                          15 
    55 res788[1,7]               -12                          15 
    56 res788[1,8]                15                          15 
    57 res788[1,9]                -7                          15 
    58 res788[1,10]               -6                          15 
    59 res788[1,11]               -8                          15 
    60 res788[1,12]              -13                          15 
    61 res788[1,13]              -14                          15 
    62 res788[1,14]              -15                          15 
    63 res788[1,15]              -10                          15 
    64 res788[1,16]               -5                          15 
    65 res788[2,3]                15                          15 
    66 res788[2,4]                 1                          15 
    67 res788[2,5]                -6                          15 
    68 res788[2,6]                -8                          15 
    69 res788[2,7]                -9                          15 
    70 res788[2,8]                 2                          15 
    71 res788[2,9]                -4                          15 
    72 res788[2,10]               -3                          15 
    73 res788[2,11]               -5                          15 
    74 res788[2,12]              -10                          15 
    75 res788[2,13]              -11                          15 
    76 res788[2,14]              -12                          15 
    77 res788[2,15]               -7                          15 
    78 res788[2,16]               -2                          15 
    79 res788[3,2]                 1                          15 
    80 res788[3,4]                 2                          15 
    81 res788[3,5]                -5                          15 
    82 res788[3,6]                -7                          15 
    83 res788[3,7]                -8                          15 
    84 res788[3,8]                 3                          15 
    85 res788[3,9]                -3                          15 
    86 res788[3,10]               -2                          15 
    87 res788[3,11]               -4                          15 
    88 res788[3,12]               -9                          15 
    89 res788[3,13]              -10                          15 
    90 res788[3,14]              -11                          15 
    91 res788[3,15]               -6                          15 
    92 res788[3,16]               15                          15 
    93 res788[4,2]                15                          15 
    94 res788[4,3]                -2                          15 
    95 res788[4,5]                -7                          15 
    96 res788[4,6]                -9                          15 
    97 res788[4,7]               -10                          15 
    98 res788[4,8]                 1                          15 
    99 res788[4,9]                -5                          15 
   100 res788[4,10]               -4                          15 
   101 res788[4,11]               -6                          15 
   102 res788[4,12]              -11                          15 
   103 res788[4,13]              -12                          15 
   104 res788[4,14]              -13                          15 
   105 res788[4,15]               -8                          15 
   106 res788[4,16]               -3                          15 
   107 res788[5,2]                 6                          15 
   108 res788[5,3]                 5                          15 
   109 res788[5,4]                 7                          15 
   110 res788[5,6]                -2                          15 
   111 res788[5,7]                -3                          15 
   112 res788[5,8]                 8                          15 
   113 res788[5,9]                 2                          15 
   114 res788[5,10]                3                          15 
   115 res788[5,11]                1                          15 
   116 res788[5,12]               -4                          15 
   117 res788[5,13]               -5                          15 
   118 res788[5,14]               -6                          15 
   119 res788[5,15]               15                          15 
   120 res788[5,16]                4                          15 
   121 res788[6,2]                 8                          15 
   122 res788[6,3]                 7                          15 
   123 res788[6,4]                 9                          15 
   124 res788[6,5]                 2                          15 
   125 res788[6,7]                15                          15 
   126 res788[6,8]                10                          15 
   127 res788[6,9]                 4                          15 
   128 res788[6,10]                5                          15 
   129 res788[6,11]                3                          15 
   130 res788[6,12]               -2                          15 
   131 res788[6,13]               -3                          15 
   132 res788[6,14]               -4                          15 
   133 res788[6,15]                1                          15 
   134 res788[6,16]                6                          15 
   135 res788[7,2]                 9                          15 
   136 res788[7,3]                 8                          15 
   137 res788[7,4]                10                          15 
   138 res788[7,5]                 3                          15 
   139 res788[7,6]                 1                          15 
   140 res788[7,8]                11                          15 
   141 res788[7,9]                 5                          15 
   142 res788[7,10]                6                          15 
   143 res788[7,11]                4                          15 
   144 res788[7,12]               15                          15 
   145 res788[7,13]               -2                          15 
   146 res788[7,14]               -3                          15 
   147 res788[7,15]                2                          15 
   148 res788[7,16]                7                          15 
   149 res788[8,2]                -2                          15 
   150 res788[8,3]                -3                          15 
   151 res788[8,4]                15                          15 
   152 res788[8,5]                -8                          15 
   153 res788[8,6]               -10                          15 
   154 res788[8,7]               -11                          15 
   155 res788[8,9]                -6                          15 
   156 res788[8,10]               -5                          15 
   157 res788[8,11]               -7                          15 
   158 res788[8,12]              -12                          15 
   159 res788[8,13]              -13                          15 
   160 res788[8,14]              -14                          15 
   161 res788[8,15]               -9                          15 
   162 res788[8,16]               -4                          15 
   163 res788[9,2]                 4                          15 
   164 res788[9,3]                 3                          15 
   165 res788[9,4]                 5                          15 
   166 res788[9,5]                -2                          15 
   167 res788[9,6]                -4                          15 
   168 res788[9,7]                -5                          15 
   169 res788[9,8]                 6                          15 
   170 res788[9,10]                1                          15 
   171 res788[9,11]               15                          15 
   172 res788[9,12]               -6                          15 
   173 res788[9,13]               -7                          15 
   174 res788[9,14]               -8                          15 
   175 res788[9,15]               -3                          15 
   176 res788[9,16]                2                          15 
   177 res788[10,2]                3                          15 
   178 res788[10,3]                2                          15 
   179 res788[10,4]                4                          15 
   180 res788[10,5]               -3                          15 
   181 res788[10,6]               -5                          15 
   182 res788[10,7]               -6                          15 
   183 res788[10,8]                5                          15 
   184 res788[10,9]               15                          15 
   185 res788[10,11]
                                  -2                          15 
   186 res788[10,12]
                                  -7                          15 
   187 res788[10,13]
                                  -8                          15 
   188 res788[10,14]
                                  -9                          15 
   189 res788[10,15]
                                  -4                          15 
   190 res788[10,16]
                                   1                          15 
   191 res788[11,2]                5                          15 
   192 res788[11,3]                4                          15 
   193 res788[11,4]                6                          15 
   194 res788[11,5]               15                          15 
   195 res788[11,6]               -3                          15 
   196 res788[11,7]               -4                          15 
   197 res788[11,8]                7                          15 
   198 res788[11,9]                1                          15 
   199 res788[11,10]
                                   2                          15 
   200 res788[11,12]
                                  -5                          15 
   201 res788[11,13]
                                  -6                          15 
   202 res788[11,14]
                                  -7                          15 
   203 res788[11,15]
                                  -2                          15 
   204 res788[11,16]
                                   3                          15 
   205 res788[12,2]               10                          15 
   206 res788[12,3]                9                          15 
   207 res788[12,4]               11                          15 
   208 res788[12,5]                4                          15 
   209 res788[12,6]                2                          15 
   210 res788[12,7]                1                          15 
   211 res788[12,8]               12                          15 
   212 res788[12,9]                6                          15 
   213 res788[12,10]
                                   7                          15 
   214 res788[12,11]
                                   5                          15 
   215 res788[12,13]
                                  15                          15 
   216 res788[12,14]
                                  -2                          15 
   217 res788[12,15]
                                   3                          15 
   218 res788[12,16]
                                   8                          15 
   219 res788[13,2]               11                          15 
   220 res788[13,3]               10                          15 
   221 res788[13,4]               12                          15 
   222 res788[13,5]                5                          15 
   223 res788[13,6]                3                          15 
   224 res788[13,7]                2                          15 
   225 res788[13,8]               13                          15 
   226 res788[13,9]                7                          15 
   227 res788[13,10]
                                   8                          15 
   228 res788[13,11]
                                   6                          15 
   229 res788[13,12]
                                   1                          15 
   230 res788[13,14]
                                  15                          15 
   231 res788[13,15]
                                   4                          15 
   232 res788[13,16]
                                   9                          15 
   233 res788[14,2]               12                          15 
   234 res788[14,3]               11                          15 
   235 res788[14,4]               13                          15 
   236 res788[14,5]                6                          15 
   237 res788[14,6]                4                          15 
   238 res788[14,7]                3                          15 
   239 res788[14,8]               14                          15 
   240 res788[14,9]                8                          15 
   241 res788[14,10]
                                   9                          15 
   242 res788[14,11]
                                   7                          15 
   243 res788[14,12]
                                   2                          15 
   244 res788[14,13]
                                   1                          15 
   245 res788[14,15]
                                   5                          15 
   246 res788[14,16]
                                  10                          15 
   247 res788[15,2]                7                          15 
   248 res788[15,3]                6                          15 
   249 res788[15,4]                8                          15 
   250 res788[15,5]                1                          15 
   251 res788[15,6]               15                          15 
   252 res788[15,7]               -2                          15 
   253 res788[15,8]                9                          15 
   254 res788[15,9]                3                          15 
   255 res788[15,10]
                                   4                          15 
   256 res788[15,11]
                                   2                          15 
   257 res788[15,12]
                                  -3                          15 
   258 res788[15,13]
                                  -4                          15 
   259 res788[15,14]
                                  -5                          15 
   260 res788[15,16]
                                   5                          15 
   261 res788[16,2]                2                          15 
   262 res788[16,3]                1                          15 
   263 res788[16,4]                3                          15 
   264 res788[16,5]               -4                          15 
   265 res788[16,6]               -6                          15 
   266 res788[16,7]               -7                          15 
   267 res788[16,8]                4                          15 
   268 res788[16,9]               -2                          15 
   269 res788[16,10]
                                  15                          15 
   270 res788[16,11]
                                  -3                          15 
   271 res788[16,12]
                                  -8                          15 
   272 res788[16,13]
                                  -9                          15 
   273 res788[16,14]
                                 -10                          15 
   274 res788[16,15]
                                  -5                          15 

   No. Column name       Activity     Lower bound   Upper bound
------ ------------    ------------- ------------- -------------
     1 x[1,1]       *              0             0             1 
     2 x[1,2]       *              0             0             1 
     3 x[1,3]       *              0             0             1 
     4 x[1,4]       *              0             0             1 
     5 x[1,5]       *              0             0             1 
     6 x[1,6]       *              0             0             1 
     7 x[1,7]       *              0             0             1 
     8 x[1,8]       *              1             0             1 
     9 x[1,9]       *              0             0             1 
    10 x[1,10]      *              0             0             1 
    11 x[1,11]      *              0             0             1 
    12 x[1,12]      *              0             0             1 
    13 x[1,13]      *              0             0             1 
    14 x[1,14]      *              0             0             1 
    15 x[1,15]      *              0             0             1 
    16 x[1,16]      *              0             0             1 
    17 x[2,1]       *              0             0             1 
    18 x[2,2]       *              0             0             1 
    19 x[2,3]       *              1             0             1 
    20 x[2,4]       *              0             0             1 
    21 x[2,5]       *              0             0             1 
    22 x[2,6]       *              0             0             1 
    23 x[2,7]       *              0             0             1 
    24 x[2,8]       *              0             0             1 
    25 x[2,9]       *              0             0             1 
    26 x[2,10]      *              0             0             1 
    27 x[2,11]      *              0             0             1 
    28 x[2,12]      *              0             0             1 
    29 x[2,13]      *              0             0             1 
    30 x[2,14]      *              0             0             1 
    31 x[2,15]      *              0             0             1 
    32 x[2,16]      *              0             0             1 
    33 x[3,1]       *              0             0             1 
    34 x[3,2]       *              0             0             1 
    35 x[3,3]       *              0             0             1 
    36 x[3,4]       *              0             0             1 
    37 x[3,5]       *              0             0             1 
    38 x[3,6]       *              0             0             1 
    39 x[3,7]       *              0             0             1 
    40 x[3,8]       *              0             0             1 
    41 x[3,9]       *              0             0             1 
    42 x[3,10]      *              0             0             1 
    43 x[3,11]      *              0             0             1 
    44 x[3,12]      *              0             0             1 
    45 x[3,13]      *              0             0             1 
    46 x[3,14]      *              0             0             1 
    47 x[3,15]      *              0             0             1 
    48 x[3,16]      *              1             0             1 
    49 x[4,1]       *              0             0             1 
    50 x[4,2]       *              1             0             1 
    51 x[4,3]       *              0             0             1 
    52 x[4,4]       *              0             0             1 
    53 x[4,5]       *              0             0             1 
    54 x[4,6]       *              0             0             1 
    55 x[4,7]       *              0             0             1 
    56 x[4,8]       *              0             0             1 
    57 x[4,9]       *              0             0             1 
    58 x[4,10]      *              0             0             1 
    59 x[4,11]      *              0             0             1 
    60 x[4,12]      *              0             0             1 
    61 x[4,13]      *              0             0             1 
    62 x[4,14]      *              0             0             1 
    63 x[4,15]      *              0             0             1 
    64 x[4,16]      *              0             0             1 
    65 x[5,1]       *              0             0             1 
    66 x[5,2]       *              0             0             1 
    67 x[5,3]       *              0             0             1 
    68 x[5,4]       *              0             0             1 
    69 x[5,5]       *              0             0             1 
    70 x[5,6]       *              0             0             1 
    71 x[5,7]       *              0             0             1 
    72 x[5,8]       *              0             0             1 
    73 x[5,9]       *              0             0             1 
    74 x[5,10]      *              0             0             1 
    75 x[5,11]      *              0             0             1 
    76 x[5,12]      *              0             0             1 
    77 x[5,13]      *              0             0             1 
    78 x[5,14]      *              0             0             1 
    79 x[5,15]      *              1             0             1 
    80 x[5,16]      *              0             0             1 
    81 x[6,1]       *              0             0             1 
    82 x[6,2]       *              0             0             1 
    83 x[6,3]       *              0             0             1 
    84 x[6,4]       *              0             0             1 
    85 x[6,5]       *              0             0             1 
    86 x[6,6]       *              0             0             1 
    87 x[6,7]       *              1             0             1 
    88 x[6,8]       *              0             0             1 
    89 x[6,9]       *              0             0             1 
    90 x[6,10]      *              0             0             1 
    91 x[6,11]      *              0             0             1 
    92 x[6,12]      *              0             0             1 
    93 x[6,13]      *              0             0             1 
    94 x[6,14]      *              0             0             1 
    95 x[6,15]      *              0             0             1 
    96 x[6,16]      *              0             0             1 
    97 x[7,1]       *              0             0             1 
    98 x[7,2]       *              0             0             1 
    99 x[7,3]       *              0             0             1 
   100 x[7,4]       *              0             0             1 
   101 x[7,5]       *              0             0             1 
   102 x[7,6]       *              0             0             1 
   103 x[7,7]       *              0             0             1 
   104 x[7,8]       *              0             0             1 
   105 x[7,9]       *              0             0             1 
   106 x[7,10]      *              0             0             1 
   107 x[7,11]      *              0             0             1 
   108 x[7,12]      *              1             0             1 
   109 x[7,13]      *              0             0             1 
   110 x[7,14]      *              0             0             1 
   111 x[7,15]      *              0             0             1 
   112 x[7,16]      *              0             0             1 
   113 x[8,1]       *              0             0             1 
   114 x[8,2]       *              0             0             1 
   115 x[8,3]       *              0             0             1 
   116 x[8,4]       *              1             0             1 
   117 x[8,5]       *              0             0             1 
   118 x[8,6]       *              0             0             1 
   119 x[8,7]       *              0             0             1 
   120 x[8,8]       *              0             0             1 
   121 x[8,9]       *              0             0             1 
   122 x[8,10]      *              0             0             1 
   123 x[8,11]      *              0             0             1 
   124 x[8,12]      *              0             0             1 
   125 x[8,13]      *              0             0             1 
   126 x[8,14]      *              0             0             1 
   127 x[8,15]      *              0             0             1 
   128 x[8,16]      *              0             0             1 
   129 x[9,1]       *              0             0             1 
   130 x[9,2]       *              0             0             1 
   131 x[9,3]       *              0             0             1 
   132 x[9,4]       *              0             0             1 
   133 x[9,5]       *              0             0             1 
   134 x[9,6]       *              0             0             1 
   135 x[9,7]       *              0             0             1 
   136 x[9,8]       *              0             0             1 
   137 x[9,9]       *              0             0             1 
   138 x[9,10]      *              0             0             1 
   139 x[9,11]      *              1             0             1 
   140 x[9,12]      *              0             0             1 
   141 x[9,13]      *              0             0             1 
   142 x[9,14]      *              0             0             1 
   143 x[9,15]      *              0             0             1 
   144 x[9,16]      *              0             0             1 
   145 x[10,1]      *              0             0             1 
   146 x[10,2]      *              0             0             1 
   147 x[10,3]      *              0             0             1 
   148 x[10,4]      *              0             0             1 
   149 x[10,5]      *              0             0             1 
   150 x[10,6]      *              0             0             1 
   151 x[10,7]      *              0             0             1 
   152 x[10,8]      *              0             0             1 
   153 x[10,9]      *              1             0             1 
   154 x[10,10]     *              0             0             1 
   155 x[10,11]     *              0             0             1 
   156 x[10,12]     *              0             0             1 
   157 x[10,13]     *              0             0             1 
   158 x[10,14]     *              0             0             1 
   159 x[10,15]     *              0             0             1 
   160 x[10,16]     *              0             0             1 
   161 x[11,1]      *              0             0             1 
   162 x[11,2]      *              0             0             1 
   163 x[11,3]      *              0             0             1 
   164 x[11,4]      *              0             0             1 
   165 x[11,5]      *              1             0             1 
   166 x[11,6]      *              0             0             1 
   167 x[11,7]      *              0             0             1 
   168 x[11,8]      *              0             0             1 
   169 x[11,9]      *              0             0             1 
   170 x[11,10]     *              0             0             1 
   171 x[11,11]     *              0             0             1 
   172 x[11,12]     *              0             0             1 
   173 x[11,13]     *              0             0             1 
   174 x[11,14]     *              0             0             1 
   175 x[11,15]     *              0             0             1 
   176 x[11,16]     *              0             0             1 
   177 x[12,1]      *              0             0             1 
   178 x[12,2]      *              0             0             1 
   179 x[12,3]      *              0             0             1 
   180 x[12,4]      *              0             0             1 
   181 x[12,5]      *              0             0             1 
   182 x[12,6]      *              0             0             1 
   183 x[12,7]      *              0             0             1 
   184 x[12,8]      *              0             0             1 
   185 x[12,9]      *              0             0             1 
   186 x[12,10]     *              0             0             1 
   187 x[12,11]     *              0             0             1 
   188 x[12,12]     *              0             0             1 
   189 x[12,13]     *              1             0             1 
   190 x[12,14]     *              0             0             1 
   191 x[12,15]     *              0             0             1 
   192 x[12,16]     *              0             0             1 
   193 x[13,1]      *              0             0             1 
   194 x[13,2]      *              0             0             1 
   195 x[13,3]      *              0             0             1 
   196 x[13,4]      *              0             0             1 
   197 x[13,5]      *              0             0             1 
   198 x[13,6]      *              0             0             1 
   199 x[13,7]      *              0             0             1 
   200 x[13,8]      *              0             0             1 
   201 x[13,9]      *              0             0             1 
   202 x[13,10]     *              0             0             1 
   203 x[13,11]     *              0             0             1 
   204 x[13,12]     *              0             0             1 
   205 x[13,13]     *              0             0             1 
   206 x[13,14]     *              1             0             1 
   207 x[13,15]     *              0             0             1 
   208 x[13,16]     *              0             0             1 
   209 x[14,1]      *              1             0             1 
   210 x[14,2]      *              0             0             1 
   211 x[14,3]      *              0             0             1 
   212 x[14,4]      *              0             0             1 
   213 x[14,5]      *              0             0             1 
   214 x[14,6]      *              0             0             1 
   215 x[14,7]      *              0             0             1 
   216 x[14,8]      *              0             0             1 
   217 x[14,9]      *              0             0             1 
   218 x[14,10]     *              0             0             1 
   219 x[14,11]     *              0             0             1 
   220 x[14,12]     *              0             0             1 
   221 x[14,13]     *              0             0             1 
   222 x[14,14]     *              0             0             1 
   223 x[14,15]     *              0             0             1 
   224 x[14,16]     *              0             0             1 
   225 x[15,1]      *              0             0             1 
   226 x[15,2]      *              0             0             1 
   227 x[15,3]      *              0             0             1 
   228 x[15,4]      *              0             0             1 
   229 x[15,5]      *              0             0             1 
   230 x[15,6]      *              1             0             1 
   231 x[15,7]      *              0             0             1 
   232 x[15,8]      *              0             0             1 
   233 x[15,9]      *              0             0             1 
   234 x[15,10]     *              0             0             1 
   235 x[15,11]     *              0             0             1 
   236 x[15,12]     *              0             0             1 
   237 x[15,13]     *              0             0             1 
   238 x[15,14]     *              0             0             1 
   239 x[15,15]     *              0             0             1 
   240 x[15,16]     *              0             0             1 
   241 x[16,1]      *              0             0             1 
   242 x[16,2]      *              0             0             1 
   243 x[16,3]      *              0             0             1 
   244 x[16,4]      *              0             0             1 
   245 x[16,5]      *              0             0             1 
   246 x[16,6]      *              0             0             1 
   247 x[16,7]      *              0             0             1 
   248 x[16,8]      *              0             0             1 
   249 x[16,9]      *              0             0             1 
   250 x[16,10]     *              1             0             1 
   251 x[16,11]     *              0             0             1 
   252 x[16,12]     *              0             0             1 
   253 x[16,13]     *              0             0             1 
   254 x[16,14]     *              0             0             1 
   255 x[16,15]     *              0             0             1 
   256 x[16,16]     *              0             0             1 
   257 u[2]                        4             1               
   258 u[1]                        1             1               
   259 u[3]                        5             1               
   260 u[4]                        3             1               
   261 u[5]                       10             1               
   262 u[6]                       12             1               
   263 u[7]                       13             1               
   264 u[8]                        2             1               
   265 u[9]                        8             1               
   266 u[10]                       7             1               
   267 u[11]                       9             1               
   268 u[12]                      14             1               
   269 u[13]                      15             1               
   270 u[14]                      16             1               
   271 u[15]                      11             1               
   272 u[16]                       6             1               

Integer feasibility conditions:

KKT.PE: max.abs.err = 0.00e+00 on row 0
        max.rel.err = 0.00e+00 on row 0
        High quality

KKT.PB: max.abs.err = 0.00e+00 on row 0
        max.rel.err = 0.00e+00 on row 0
        High quality

End of output
