Problem:    Asignacion1
Rows:       23
Columns:    121
Non-zeros:  352
Status:     UNDEFINED
Objective:  Z = 0 (MINimum)

   No.   Row name   St   Activity     Lower bound   Upper bound    Marginal
------ ------------ -- ------------- ------------- ------------- -------------
     1 Z            B              0                             
     2 res1[Quimi]  B              0             1             = 
     3 res1[CV2]    B              0             1             = 
     4 res1[CV3]    B              0             1             = 
     5 res1[Oli1]   B              0             1             = 
     6 res1[Col2]   B              0             1             = 
     7 res1[Col3]   B              0             1             = 
     8 res1[Comp1]  B              0             1             = 
     9 res1[Comp3]  B              0             1             = 
    10 res1[Sura1]  B              0             1             = 
    11 res1[Sura2]  B              0             1             = 
    12 res1[San1]   B              0             1             = 
    13 res2[Quimi]  B              0             1             = 
    14 res2[CV2]    B              0             1             = 
    15 res2[CV3]    B              0             1             = 
    16 res2[Oli1]   B              0             1             = 
    17 res2[Col2]   B              0             1             = 
    18 res2[Col3]   B              0             1             = 
    19 res2[Comp1]  B              0             1             = 
    20 res2[Comp3]  B              0             1             = 
    21 res2[Sura1]  B              0             1             = 
    22 res2[Sura2]  B              0             1             = 
    23 res2[San1]   B              0             1             = 

   No. Column name  St   Activity     Lower bound   Upper bound    Marginal
------ ------------ -- ------------- ------------- ------------- -------------
     1 Sim[Quimi,Quimi]
                    NF             0                                     < eps
     2 Sim[Quimi,CV2]
                    NF             0                                     < eps
     3 Sim[Quimi,CV3]
                    NF             0                                     < eps
     4 Sim[Quimi,Oli1]
                    NF             0                                     < eps
     5 Sim[Quimi,Col2]
                    NF             0                                     < eps
     6 Sim[Quimi,Col3]
                    NF             0                                     < eps
     7 Sim[Quimi,Comp1]
                    NF             0                                     < eps
     8 Sim[Quimi,Comp3]
                    NF             0                                     < eps
     9 Sim[Quimi,Sura1]
                    NF             0                                     < eps
    10 Sim[Quimi,Sura2]
                    NF             0                                     < eps
    11 Sim[Quimi,San1]
                    NF             0                                     < eps
    12 Sim[CV2,Quimi]
                    NF             0                                     < eps
    13 Sim[CV2,CV2] NF             0                                     < eps
    14 Sim[CV2,CV3] NF             0                                     < eps
    15 Sim[CV2,Oli1]
                    NF             0                                     < eps
    16 Sim[CV2,Col2]
                    NF             0                                     < eps
    17 Sim[CV2,Col3]
                    NF             0                                     < eps
    18 Sim[CV2,Comp1]
                    NF             0                                     < eps
    19 Sim[CV2,Comp3]
                    NF             0                                     < eps
    20 Sim[CV2,Sura1]
                    NF             0                                     < eps
    21 Sim[CV2,Sura2]
                    NF             0                                     < eps
    22 Sim[CV2,San1]
                    NF             0                                     < eps
    23 Sim[CV3,Quimi]
                    NF             0                                     < eps
    24 Sim[CV3,CV2] NF             0                                     < eps
    25 Sim[CV3,CV3] NF             0                                     < eps
    26 Sim[CV3,Oli1]
                    NF             0                                     < eps
    27 Sim[CV3,Col2]
                    NF             0                                     < eps
    28 Sim[CV3,Col3]
                    NF             0                                     < eps
    29 Sim[CV3,Comp1]
                    NF             0                                     < eps
    30 Sim[CV3,Comp3]
                    NF             0                                     < eps
    31 Sim[CV3,Sura1]
                    NF             0                                     < eps
    32 Sim[CV3,Sura2]
                    NF             0                                     < eps
    33 Sim[CV3,San1]
                    NF             0                                     < eps
    34 Sim[Oli1,Quimi]
                    NF             0                                     < eps
    35 Sim[Oli1,CV2]
                    NF             0                                     < eps
    36 Sim[Oli1,CV3]
                    NF             0                                     < eps
    37 Sim[Oli1,Oli1]
                    NF             0                                     < eps
    38 Sim[Oli1,Col2]
                    NF             0                                     < eps
    39 Sim[Oli1,Col3]
                    NF             0                                     < eps
    40 Sim[Oli1,Comp1]
                    NF             0                                     < eps
    41 Sim[Oli1,Comp3]
                    NF             0                                     < eps
    42 Sim[Oli1,Sura1]
                    NF             0                                     < eps
    43 Sim[Oli1,Sura2]
                    NF             0                                     < eps
    44 Sim[Oli1,San1]
                    NF             0                                     < eps
    45 Sim[Col2,Quimi]
                    NF             0                                     < eps
    46 Sim[Col2,CV2]
                    NF             0                                     < eps
    47 Sim[Col2,CV3]
                    NF             0                                     < eps
    48 Sim[Col2,Oli1]
                    NF             0                                     < eps
    49 Sim[Col2,Col2]
                    NF             0                                     < eps
    50 Sim[Col2,Col3]
                    NF             0                                     < eps
    51 Sim[Col2,Comp1]
                    NF             0                                     < eps
    52 Sim[Col2,Comp3]
                    NF             0                                     < eps
    53 Sim[Col2,Sura1]
                    NF             0                                     < eps
    54 Sim[Col2,Sura2]
                    NF             0                                     < eps
    55 Sim[Col2,San1]
                    NF             0                                     < eps
    56 Sim[Col3,Quimi]
                    NF             0                                     < eps
    57 Sim[Col3,CV2]
                    NF             0                                     < eps
    58 Sim[Col3,CV3]
                    NF             0                                     < eps
    59 Sim[Col3,Oli1]
                    NF             0                                     < eps
    60 Sim[Col3,Col2]
                    NF             0                                     < eps
    61 Sim[Col3,Col3]
                    NF             0                                     < eps
    62 Sim[Col3,Comp1]
                    NF             0                                     < eps
    63 Sim[Col3,Comp3]
                    NF             0                                     < eps
    64 Sim[Col3,Sura1]
                    NF             0                                     < eps
    65 Sim[Col3,Sura2]
                    NF             0                                     < eps
    66 Sim[Col3,San1]
                    NF             0                                     < eps
    67 Sim[Comp1,Quimi]
                    NF             0                                     < eps
    68 Sim[Comp1,CV2]
                    NF             0                                     < eps
    69 Sim[Comp1,CV3]
                    NF             0                                     < eps
    70 Sim[Comp1,Oli1]
                    NF             0                                     < eps
    71 Sim[Comp1,Col2]
                    NF             0                                     < eps
    72 Sim[Comp1,Col3]
                    NF             0                                     < eps
    73 Sim[Comp1,Comp1]
                    NF             0                                     < eps
    74 Sim[Comp1,Comp3]
                    NF             0                                     < eps
    75 Sim[Comp1,Sura1]
                    NF             0                                     < eps
    76 Sim[Comp1,Sura2]
                    NF             0                                     < eps
    77 Sim[Comp1,San1]
                    NF             0                                     < eps
    78 Sim[Comp3,Quimi]
                    NF             0                                     < eps
    79 Sim[Comp3,CV2]
                    NF             0                                     < eps
    80 Sim[Comp3,CV3]
                    NF             0                                     < eps
    81 Sim[Comp3,Oli1]
                    NF             0                                     < eps
    82 Sim[Comp3,Col2]
                    NF             0                                     < eps
    83 Sim[Comp3,Col3]
                    NF             0                                     < eps
    84 Sim[Comp3,Comp1]
                    NF             0                                     < eps
    85 Sim[Comp3,Comp3]
                    NF             0                                     < eps
    86 Sim[Comp3,Sura1]
                    NF             0                                     < eps
    87 Sim[Comp3,Sura2]
                    NF             0                                     < eps
    88 Sim[Comp3,San1]
                    NF             0                                     < eps
    89 Sim[Sura1,Quimi]
                    NF             0                                     < eps
    90 Sim[Sura1,CV2]
                    NF             0                                     < eps
    91 Sim[Sura1,CV3]
                    NF             0                                     < eps
    92 Sim[Sura1,Oli1]
                    NF             0                                     < eps
    93 Sim[Sura1,Col2]
                    NF             0                                     < eps
    94 Sim[Sura1,Col3]
                    NF             0                                     < eps
    95 Sim[Sura1,Comp1]
                    NF             0                                     < eps
    96 Sim[Sura1,Comp3]
                    NF             0                                     < eps
    97 Sim[Sura1,Sura1]
                    NF             0                                     < eps
    98 Sim[Sura1,Sura2]
                    NF             0                                     < eps
    99 Sim[Sura1,San1]
                    NF             0                                     < eps
   100 Sim[Sura2,Quimi]
                    NF             0                                     < eps
   101 Sim[Sura2,CV2]
                    NF             0                                     < eps
   102 Sim[Sura2,CV3]
                    NF             0                                     < eps
   103 Sim[Sura2,Oli1]
                    NF             0                                     < eps
   104 Sim[Sura2,Col2]
                    NF             0                                     < eps
   105 Sim[Sura2,Col3]
                    NF             0                                     < eps
   106 Sim[Sura2,Comp1]
                    NF             0                                     < eps
   107 Sim[Sura2,Comp3]
                    NF             0                                     < eps
   108 Sim[Sura2,Sura1]
                    NF             0                                     < eps
   109 Sim[Sura2,Sura2]
                    NF             0                                     < eps
   110 Sim[Sura2,San1]
                    NF             0                                     < eps
   111 Sim[San1,Quimi]
                    NF             0                                     < eps
   112 Sim[San1,CV2]
                    NF             0                                     < eps
   113 Sim[San1,CV3]
                    NF             0                                     < eps
   114 Sim[San1,Oli1]
                    NF             0                                     < eps
   115 Sim[San1,Col2]
                    NF             0                                     < eps
   116 Sim[San1,Col3]
                    NF             0                                     < eps
   117 Sim[San1,Comp1]
                    NF             0                                     < eps
   118 Sim[San1,Comp3]
                    NF             0                                     < eps
   119 Sim[San1,Sura1]
                    NF             0                                     < eps
   120 Sim[San1,Sura2]
                    NF             0                                     < eps
   121 Sim[San1,San1]
                    NF             0                                     < eps

Karush-Kuhn-Tucker optimality conditions:

KKT.PE: max.abs.err = 0.00e+00 on row 0
        max.rel.err = 0.00e+00 on row 0
        High quality

KKT.PB: max.abs.err = 1.00e+00 on row 2
        max.rel.err = 5.00e-01 on row 2
        PRIMAL SOLUTION IS INFEASIBLE

KKT.DE: max.abs.err = 1.50e+02 on column 42
        max.rel.err = 9.93e-01 on column 42
        DUAL SOLUTION IS WRONG

KKT.DB: max.abs.err = 0.00e+00 on row 0
        max.rel.err = 0.00e+00 on row 0
        High quality

End of output
